

Processing Rails::InfoController#properties (for 127.0.0.1 at 2010-06-14 19:35:28) [GET]
  [4;36;1mSQL (0.7ms)[0m   [0;1m SELECT name
 FROM sqlite_master
 WHERE type = 'table' AND NOT name = 'sqlite_sequence'
[0m
Completed in 73ms (View: 8, DB: 1) | 200 OK [http://localhost/rails/info/properties]


Processing PagesController#home (for 127.0.0.1 at 2010-06-14 19:38:48) [GET]
Rendering pages/home
Completed in 180ms (View: 176, DB: 0) | 200 OK [http://localhost/pages/home]


Processing PagesController#home (for 127.0.0.1 at 2010-06-14 19:47:44) [GET]
Rendering template within layouts/application
Rendering pages/home
Completed in 36ms (View: 32, DB: 0) | 200 OK [http://localhost/pages/home]


Processing PagesController#about (for 127.0.0.1 at 2010-06-14 19:47:52) [GET]
Rendering template within layouts/application
Rendering pages/about
Completed in 16ms (View: 12, DB: 0) | 200 OK [http://localhost/pages/about]


Processing PagesController#contact (for 127.0.0.1 at 2010-06-14 19:47:56) [GET]
Rendering template within layouts/application
Rendering pages/contact
Completed in 16ms (View: 12, DB: 0) | 200 OK [http://localhost/pages/contact]


Processing PagesController#contact (for 127.0.0.1 at 2010-06-14 20:19:58) [GET]
Rendering template within layouts/application
Rendering pages/contact
Completed in 40ms (View: 36, DB: 0) | 200 OK [http://localhost/pages/contact]


Processing PagesController#home (for 127.0.0.1 at 2010-06-14 20:20:04) [GET]
Rendering template within layouts/application
Rendering pages/home
Completed in 19ms (View: 15, DB: 0) | 200 OK [http://localhost/pages/home]


Processing PagesController#home (for 127.0.0.1 at 2010-06-14 20:28:07) [GET]
Rendering template within layouts/application
Rendering pages/home
Completed in 35ms (View: 31, DB: 0) | 200 OK [http://localhost/pages/home]


Processing ApplicationController#index (for 127.0.0.1 at 2010-06-14 20:28:07) [GET]

ActionController::RoutingError (No route matches "/images/logo.png" with {:method=>:get}):
  

Rendering rescues/layout (not_found)


Processing ApplicationController#index (for 127.0.0.1 at 2010-06-14 20:28:07) [GET]

ActionController::RoutingError (No route matches "/stylesheets/custom.css" with {:method=>:get}):
  

Rendering rescues/layout (not_found)


Processing PagesController#about (for 127.0.0.1 at 2010-06-14 20:33:09) [GET]
Rendering template within layouts/application
Rendering pages/about
Completed in 19ms (View: 16, DB: 0) | 200 OK [http://localhost/pages/about]


Processing ApplicationController#index (for 127.0.0.1 at 2010-06-14 20:33:09) [GET]

ActionController::RoutingError (No route matches "/stylesheets/custom.css" with {:method=>:get}):
  

Rendering rescues/layout (not_found)


Processing ApplicationController#index (for 127.0.0.1 at 2010-06-14 20:33:09) [GET]

ActionController::RoutingError (No route matches "/images/logo.png" with {:method=>:get}):
  

Rendering rescues/layout (not_found)


Processing PagesController#contact (for 127.0.0.1 at 2010-06-14 20:33:36) [GET]
Rendering template within layouts/application
Rendering pages/contact
Completed in 20ms (View: 17, DB: 0) | 200 OK [http://localhost/pages/contact]


Processing ApplicationController#index (for 127.0.0.1 at 2010-06-14 20:33:36) [GET]

ActionController::RoutingError (No route matches "/stylesheets/custom.css" with {:method=>:get}):
  

Rendering rescues/layout (not_found)


Processing ApplicationController#index (for 127.0.0.1 at 2010-06-14 20:33:36) [GET]

ActionController::RoutingError (No route matches "/images/logo.png" with {:method=>:get}):
  

Rendering rescues/layout (not_found)


Processing PagesController#home (for 127.0.0.1 at 2010-06-14 20:49:41) [GET]
Rendering template within layouts/application
Rendering pages/home
Completed in 39ms (View: 36, DB: 0) | 200 OK [http://localhost/pages/home]


Processing ApplicationController#index (for 127.0.0.1 at 2010-06-14 20:49:41) [GET]

ActionController::RoutingError (No route matches "/stylesheets/custom.css" with {:method=>:get}):
  

Rendering rescues/layout (not_found)


Processing PagesController#home (for 127.0.0.1 at 2010-06-14 20:53:15) [GET]
Rendering template within layouts/application
Rendering pages/home
Completed in 40ms (View: 37, DB: 0) | 200 OK [http://localhost/pages/home]


Processing PagesController#home (for 127.0.0.1 at 2010-06-14 20:54:07) [GET]
Rendering template within layouts/application
Rendering pages/home
Completed in 8ms (View: 5, DB: 0) | 200 OK [http://localhost/pages/home]


Processing PagesController#home (for 127.0.0.1 at 2010-06-14 20:55:41) [GET]
Rendering template within layouts/application
Rendering pages/home
Completed in 8ms (View: 5, DB: 0) | 200 OK [http://localhost/pages/home]


Processing PagesController#home (for 127.0.0.1 at 2010-06-14 21:16:45) [GET]
Rendering template within layouts/application
Rendering pages/home
Completed in 8ms (View: 5, DB: 0) | 200 OK [http://localhost/pages/home]


Processing PagesController#home (for 127.0.0.1 at 2010-06-14 21:18:33) [GET]
Rendering template within layouts/application
Rendering pages/home
Completed in 8ms (View: 5, DB: 0) | 200 OK [http://localhost/pages/home]


Processing PagesController#home (for 127.0.0.1 at 2010-06-14 21:21:16) [GET]
Rendering template within layouts/application
Rendering pages/home
Completed in 8ms (View: 5, DB: 0) | 200 OK [http://localhost/pages/home]


Processing PagesController#home (for 127.0.0.1 at 2010-06-14 21:22:04) [GET]
Rendering template within layouts/application
Rendering pages/home
Completed in 8ms (View: 5, DB: 0) | 200 OK [http://localhost/pages/home]


Processing PagesController#home (for 127.0.0.1 at 2010-06-14 21:29:56) [GET]
Rendering template within layouts/application
Rendering pages/home
Rendered layouts/_stylesheets (2.9ms)
Rendered layouts/_header (2.6ms)
Completed in 189ms (View: 185, DB: 0) | 200 OK [http://localhost/pages/home]


Processing PagesController#home (for 127.0.0.1 at 2010-06-14 21:31:27) [GET]
Rendering template within layouts/application
Rendering pages/home
Rendered layouts/_stylesheets (1.4ms)
Rendered layouts/_header (1.0ms)
Rendered layouts/_footer (1.5ms)
Completed in 31ms (View: 27, DB: 0) | 200 OK [http://localhost/pages/home]


Processing PagesController#home (for 127.0.0.1 at 2010-06-14 21:32:27) [GET]
Rendering template within layouts/application
Rendering pages/home
Rendered layouts/_stylesheets (1.4ms)
Rendered layouts/_header (1.1ms)
Rendered layouts/_footer (0.3ms)
Completed in 11ms (View: 7, DB: 0) | 200 OK [http://localhost/pages/home]


Processing PagesController#home (for 127.0.0.1 at 2010-06-14 21:48:42) [GET]
Rendering template within layouts/application
Rendering pages/home
Rendered layouts/_stylesheets (1.5ms)
Rendered layouts/_header (1.1ms)
Rendered layouts/_footer (0.3ms)
Completed in 11ms (View: 8, DB: 0) | 200 OK [http://localhost/pages/home]


Processing PagesController#home (for 127.0.0.1 at 2010-06-14 21:48:45) [GET]
Rendering template within layouts/application
Rendering pages/home
Rendered layouts/_stylesheets (1.4ms)
Rendered layouts/_header (1.1ms)
Rendered layouts/_footer (0.3ms)
Completed in 11ms (View: 8, DB: 0) | 200 OK [http://localhost/]


Processing PagesController#home (for 127.0.0.1 at 2010-06-14 21:48:47) [GET]
Rendering template within layouts/application
Rendering pages/home
Rendered layouts/_stylesheets (1.3ms)
Rendered layouts/_header (1.0ms)
Rendered layouts/_footer (0.3ms)
Completed in 11ms (View: 7, DB: 0) | 200 OK [http://localhost/]


Processing PagesController#home (for 127.0.0.1 at 2010-06-14 21:53:52) [GET]
Rendering template within layouts/application
Rendering pages/home
Rendered layouts/_stylesheets (1.4ms)
Rendered layouts/_header (2.7ms)
Rendered layouts/_footer (1.6ms)
Completed in 33ms (View: 29, DB: 0) | 200 OK [http://localhost/]


Processing PagesController#home (for 127.0.0.1 at 2010-06-14 21:53:54) [GET]
Rendering template within layouts/application
Rendering pages/home
Rendered layouts/_stylesheets (1.4ms)
Rendered layouts/_header (1.2ms)
Rendered layouts/_footer (0.4ms)
Completed in 11ms (View: 7, DB: 0) | 200 OK [http://localhost/]


Processing PagesController#about (for 127.0.0.1 at 2010-06-14 21:53:57) [GET]
Rendering template within layouts/application
Rendering pages/about
Rendered layouts/_stylesheets (1.3ms)
Rendered layouts/_header (1.2ms)
Rendered layouts/_footer (0.4ms)
Completed in 20ms (View: 17, DB: 0) | 200 OK [http://localhost/about]


Processing PagesController#contact (for 127.0.0.1 at 2010-06-14 21:53:58) [GET]
Rendering template within layouts/application
Rendering pages/contact
Rendered layouts/_stylesheets (1.3ms)
Rendered layouts/_header (1.2ms)
Rendered layouts/_footer (0.4ms)
Completed in 21ms (View: 17, DB: 0) | 200 OK [http://localhost/contact]


Processing PagesController#home (for 127.0.0.1 at 2010-06-14 21:54:08) [GET]
Rendering template within layouts/application
Rendering pages/home
Rendered layouts/_stylesheets (1.4ms)
Rendered layouts/_header (1.2ms)
Rendered layouts/_footer (0.4ms)
Completed in 11ms (View: 7, DB: 0) | 200 OK [http://localhost/]


Processing PagesController#about (for 127.0.0.1 at 2010-06-14 21:54:10) [GET]
Rendering template within layouts/application
Rendering pages/about
Rendered layouts/_stylesheets (1.4ms)
Rendered layouts/_header (1.2ms)
Rendered layouts/_footer (0.4ms)
Completed in 11ms (View: 7, DB: 0) | 200 OK [http://localhost/about]


Processing PagesController#contact (for 127.0.0.1 at 2010-06-14 21:54:11) [GET]
Rendering template within layouts/application
Rendering pages/contact
Rendered layouts/_stylesheets (1.3ms)
Rendered layouts/_header (1.2ms)
Rendered layouts/_footer (0.4ms)
Completed in 11ms (View: 7, DB: 0) | 200 OK [http://localhost/contact]


Processing PagesController#home (for 127.0.0.1 at 2010-06-14 21:54:16) [GET]
Rendering template within layouts/application
Rendering pages/home
Rendered layouts/_stylesheets (2.4ms)
Rendered layouts/_header (1.3ms)
Rendered layouts/_footer (0.4ms)
Completed in 13ms (View: 9, DB: 0) | 200 OK [http://localhost/]


Processing PagesController#help (for 127.0.0.1 at 2010-06-14 21:54:17) [GET]
Rendering template within layouts/application
Rendering pages/help
Rendered layouts/_stylesheets (1.4ms)
Rendered layouts/_header (1.7ms)
Rendered layouts/_footer (0.7ms)
Completed in 25ms (View: 19, DB: 0) | 200 OK [http://localhost/help]


Processing PagesController#help (for 127.0.0.1 at 2010-06-14 21:56:40) [GET]
Rendering template within layouts/application
Rendering pages/help
Rendered layouts/_stylesheets (1.3ms)
Rendered layouts/_header (1.2ms)
Rendered layouts/_footer (0.4ms)
Completed in 11ms (View: 7, DB: 0) | 200 OK [http://localhost/help]


Processing PagesController#home (for 127.0.0.1 at 2010-06-14 21:56:41) [GET]
Rendering template within layouts/application
Rendering pages/home
Rendered layouts/_stylesheets (1.3ms)
Rendered layouts/_header (1.1ms)
Rendered layouts/_footer (0.4ms)
Completed in 11ms (View: 7, DB: 0) | 200 OK [http://localhost/]


Processing PagesController#about (for 127.0.0.1 at 2010-06-14 21:56:43) [GET]
Rendering template within layouts/application
Rendering pages/about
Rendered layouts/_stylesheets (1.5ms)
Rendered layouts/_header (1.3ms)
Rendered layouts/_footer (0.4ms)
Completed in 12ms (View: 8, DB: 0) | 200 OK [http://localhost/about]


Processing PagesController#contact (for 127.0.0.1 at 2010-06-14 21:56:45) [GET]
Rendering template within layouts/application
Rendering pages/contact
Rendered layouts/_stylesheets (1.4ms)
Rendered layouts/_header (1.2ms)
Rendered layouts/_footer (0.4ms)
Completed in 11ms (View: 7, DB: 0) | 200 OK [http://localhost/contact]


Processing PagesController#home (for 127.0.0.1 at 2010-06-14 21:57:09) [GET]
Rendering template within layouts/application
Rendering pages/home
Rendered layouts/_stylesheets (1.5ms)
Rendered layouts/_header (1.2ms)
Rendered layouts/_footer (0.4ms)
Completed in 11ms (View: 7, DB: 0) | 200 OK [http://localhost/]


Processing PagesController#home (for 127.0.0.1 at 2010-06-14 21:58:29) [GET]
Rendering template within layouts/application
Rendering pages/home
Rendered layouts/_stylesheets (1.4ms)
Rendered layouts/_header (1.2ms)
Rendered layouts/_footer (0.4ms)
Completed in 11ms (View: 7, DB: 0) | 200 OK [http://localhost/]


Processing PagesController#help (for 127.0.0.1 at 2010-06-14 21:58:33) [GET]
Rendering template within layouts/application
Rendering pages/help
Rendered layouts/_stylesheets (1.3ms)
Rendered layouts/_header (1.2ms)
Rendered layouts/_footer (0.4ms)
Completed in 11ms (View: 7, DB: 0) | 200 OK [http://localhost/help]


Processing PagesController#home (for 127.0.0.1 at 2010-06-14 21:58:35) [GET]
Rendering template within layouts/application
Rendering pages/home
Rendered layouts/_stylesheets (1.3ms)
Rendered layouts/_header (1.1ms)
Rendered layouts/_footer (0.4ms)
Completed in 11ms (View: 7, DB: 0) | 200 OK [http://localhost/]


Processing PagesController#help (for 127.0.0.1 at 2010-06-14 21:58:37) [GET]
Rendering template within layouts/application
Rendering pages/help
Rendered layouts/_stylesheets (1.3ms)
Rendered layouts/_header (1.2ms)
Rendered layouts/_footer (0.4ms)
Completed in 11ms (View: 7, DB: 0) | 200 OK [http://localhost/help]


Processing PagesController#about (for 127.0.0.1 at 2010-06-14 21:58:38) [GET]
Rendering template within layouts/application
Rendering pages/about
Rendered layouts/_stylesheets (1.3ms)
Rendered layouts/_header (1.2ms)
Rendered layouts/_footer (0.4ms)
Completed in 11ms (View: 7, DB: 0) | 200 OK [http://localhost/about]


Processing PagesController#contact (for 127.0.0.1 at 2010-06-14 21:58:39) [GET]
Rendering template within layouts/application
Rendering pages/contact
Rendered layouts/_stylesheets (1.3ms)
Rendered layouts/_header (1.2ms)
Rendered layouts/_footer (0.4ms)
Completed in 11ms (View: 7, DB: 0) | 200 OK [http://localhost/contact]


Processing PagesController#home (for 127.0.0.1 at 2010-06-14 21:58:46) [GET]
Rendering template within layouts/application
Rendering pages/home
Rendered layouts/_stylesheets (1.4ms)
Rendered layouts/_header (1.3ms)
Rendered layouts/_footer (0.4ms)
Completed in 11ms (View: 7, DB: 0) | 200 OK [http://localhost/]


Processing PagesController#home (for 127.0.0.1 at 2010-06-14 22:03:43) [GET]
Rendering template within layouts/application
Rendering pages/home
Rendered layouts/_stylesheets (1.6ms)
Rendered layouts/_header (1.2ms)
Rendered layouts/_footer (0.4ms)
Completed in 11ms (View: 8, DB: 0) | 200 OK [http://localhost/]


Processing PagesController#home (for 127.0.0.1 at 2010-06-14 22:03:45) [GET]
Rendering template within layouts/application
Rendering pages/home
Rendered layouts/_stylesheets (1.3ms)
Rendered layouts/_header (1.2ms)
Rendered layouts/_footer (0.4ms)
Completed in 12ms (View: 8, DB: 0) | 200 OK [http://localhost/]


Processing PagesController#help (for 127.0.0.1 at 2010-06-14 22:03:47) [GET]
Rendering template within layouts/application
Rendering pages/help
Rendered layouts/_stylesheets (1.4ms)
Rendered layouts/_header (1.2ms)
Rendered layouts/_footer (0.4ms)
Completed in 11ms (View: 7, DB: 0) | 200 OK [http://localhost/help]


Processing PagesController#home (for 127.0.0.1 at 2010-06-14 22:03:48) [GET]
Rendering template within layouts/application
Rendering pages/home
Rendered layouts/_stylesheets (1.3ms)
Rendered layouts/_header (1.2ms)
Rendered layouts/_footer (0.4ms)
Completed in 11ms (View: 7, DB: 0) | 200 OK [http://localhost/]


Processing PagesController#help (for 127.0.0.1 at 2010-06-14 22:03:57) [GET]
Rendering template within layouts/application
Rendering pages/help
Rendered layouts/_stylesheets (1.3ms)
Rendered layouts/_header (1.2ms)
Rendered layouts/_footer (0.4ms)
Completed in 11ms (View: 7, DB: 0) | 200 OK [http://localhost/help]


Processing PagesController#home (for 127.0.0.1 at 2010-06-14 22:04:00) [GET]
Rendering template within layouts/application
Rendering pages/home
Rendered layouts/_stylesheets (2.5ms)
Rendered layouts/_header (1.2ms)
Rendered layouts/_footer (0.4ms)
Completed in 14ms (View: 10, DB: 0) | 200 OK [http://localhost/]


Processing PagesController#about (for 127.0.0.1 at 2010-06-14 22:04:04) [GET]
Rendering template within layouts/application
Rendering pages/about
Rendered layouts/_stylesheets (1.3ms)
Rendered layouts/_header (1.2ms)
Rendered layouts/_footer (0.4ms)
Completed in 11ms (View: 7, DB: 0) | 200 OK [http://localhost/about]


Processing PagesController#contact (for 127.0.0.1 at 2010-06-14 22:04:06) [GET]
Rendering template within layouts/application
Rendering pages/contact
Rendered layouts/_stylesheets (1.3ms)
Rendered layouts/_header (1.2ms)
Rendered layouts/_footer (0.4ms)
Completed in 11ms (View: 7, DB: 0) | 200 OK [http://localhost/contact]


Processing PagesController#home (for 127.0.0.1 at 2010-06-14 22:04:07) [GET]
Rendering template within layouts/application
Rendering pages/home
Rendered layouts/_stylesheets (1.3ms)
Rendered layouts/_header (1.1ms)
Rendered layouts/_footer (0.4ms)
Completed in 11ms (View: 7, DB: 0) | 200 OK [http://localhost/]


Processing PagesController#about (for 127.0.0.1 at 2010-06-14 22:04:17) [GET]
Rendering template within layouts/application
Rendering pages/about
Rendered layouts/_stylesheets (1.4ms)
Rendered layouts/_header (1.2ms)
Rendered layouts/_footer (0.4ms)
Completed in 11ms (View: 7, DB: 0) | 200 OK [http://localhost/about]


Processing PagesController#home (for 127.0.0.1 at 2010-06-14 22:04:20) [GET]
Rendering template within layouts/application
Rendering pages/home
Rendered layouts/_stylesheets (1.3ms)
Rendered layouts/_header (1.2ms)
Rendered layouts/_footer (0.4ms)
Completed in 11ms (View: 7, DB: 0) | 200 OK [http://localhost/]


Processing PagesController#help (for 127.0.0.1 at 2010-06-14 22:04:21) [GET]
Rendering template within layouts/application
Rendering pages/help
Rendered layouts/_stylesheets (1.3ms)
Rendered layouts/_header (1.2ms)
Rendered layouts/_footer (0.4ms)
Completed in 11ms (View: 7, DB: 0) | 200 OK [http://localhost/help]


Processing PagesController#about (for 127.0.0.1 at 2010-06-14 22:04:23) [GET]
Rendering template within layouts/application
Rendering pages/about
Rendered layouts/_stylesheets (149.4ms)
Rendered layouts/_header (1.3ms)
Rendered layouts/_footer (0.5ms)
Completed in 160ms (View: 156, DB: 0) | 200 OK [http://localhost/about]


Processing PagesController#home (for 127.0.0.1 at 2010-06-14 22:04:25) [GET]
Rendering template within layouts/application
Rendering pages/home
Rendered layouts/_stylesheets (1.3ms)
Rendered layouts/_header (1.2ms)
Rendered layouts/_footer (0.4ms)
Completed in 11ms (View: 7, DB: 0) | 200 OK [http://localhost/]


Processing PagesController#home (for 127.0.0.1 at 2010-06-14 22:04:32) [GET]
Rendering template within layouts/application
Rendering pages/home
Rendered layouts/_stylesheets (1.3ms)
Rendered layouts/_header (1.1ms)
Rendered layouts/_footer (0.7ms)
Completed in 11ms (View: 7, DB: 0) | 200 OK [http://localhost/]


Processing PagesController#help (for 127.0.0.1 at 2010-06-14 22:04:34) [GET]
Rendering template within layouts/application
Rendering pages/help
Rendered layouts/_stylesheets (1.4ms)
Rendered layouts/_header (1.2ms)
Rendered layouts/_footer (0.4ms)
Completed in 11ms (View: 7, DB: 0) | 200 OK [http://localhost/help]


Processing PagesController#home (for 127.0.0.1 at 2010-06-14 22:04:35) [GET]
Rendering template within layouts/application
Rendering pages/home
Rendered layouts/_stylesheets (1.4ms)
Rendered layouts/_header (1.2ms)
Rendered layouts/_footer (0.4ms)
Completed in 12ms (View: 8, DB: 0) | 200 OK [http://localhost/]


Processing PagesController#contact (for 127.0.0.1 at 2010-06-14 22:07:21) [GET]
Rendering template within layouts/application
Rendering pages/contact
Rendered layouts/_stylesheets (1.4ms)
Rendered layouts/_header (1.2ms)
Rendered layouts/_footer (0.4ms)
Completed in 11ms (View: 7, DB: 0) | 200 OK [http://localhost/contact]


Processing PagesController#about (for 127.0.0.1 at 2010-06-14 22:07:23) [GET]
Rendering template within layouts/application
Rendering pages/about
Rendered layouts/_stylesheets (1.3ms)
Rendered layouts/_header (1.2ms)
Rendered layouts/_footer (0.4ms)
Completed in 11ms (View: 7, DB: 0) | 200 OK [http://localhost/about]


Processing PagesController#contact (for 127.0.0.1 at 2010-06-14 22:07:26) [GET]
Rendering template within layouts/application
Rendering pages/contact
Rendered layouts/_stylesheets (1.3ms)
Rendered layouts/_header (1.2ms)
Rendered layouts/_footer (0.4ms)
Completed in 11ms (View: 7, DB: 0) | 200 OK [http://localhost/contact]


Processing PagesController#about (for 127.0.0.1 at 2010-06-14 22:07:27) [GET]
Rendering template within layouts/application
Rendering pages/about
Rendered layouts/_stylesheets (1.4ms)
Rendered layouts/_header (1.2ms)
Rendered layouts/_footer (0.4ms)
Completed in 11ms (View: 7, DB: 0) | 200 OK [http://localhost/about]


Processing PagesController#about (for 127.0.0.1 at 2010-06-14 22:07:34) [GET]
Rendering template within layouts/application
Rendering pages/about
Rendered layouts/_stylesheets (1.4ms)
Rendered layouts/_header (1.3ms)
Rendered layouts/_footer (0.4ms)
Completed in 11ms (View: 7, DB: 0) | 200 OK [http://localhost/about]


Processing PagesController#home (for 127.0.0.1 at 2010-06-14 22:07:37) [GET]
Rendering template within layouts/application
Rendering pages/home
Rendered layouts/_stylesheets (1.3ms)
Rendered layouts/_header (1.2ms)
Rendered layouts/_footer (0.4ms)
Completed in 11ms (View: 7, DB: 0) | 200 OK [http://localhost/]


Processing PagesController#home (for 127.0.0.1 at 2010-06-14 22:08:10) [GET]
Rendering template within layouts/application
Rendering pages/home
Rendered layouts/_stylesheets (1.4ms)
Rendered layouts/_header (1.2ms)
Rendered layouts/_footer (0.4ms)
Completed in 11ms (View: 7, DB: 0) | 200 OK [http://localhost/]


Processing PagesController#about (for 127.0.0.1 at 2010-06-14 22:08:13) [GET]
Rendering template within layouts/application
Rendering pages/about
Rendered layouts/_stylesheets (1.4ms)
Rendered layouts/_header (1.3ms)
Rendered layouts/_footer (0.4ms)
Completed in 12ms (View: 7, DB: 0) | 200 OK [http://localhost/about]


Processing PagesController#contact (for 127.0.0.1 at 2010-06-14 22:08:14) [GET]
Rendering template within layouts/application
Rendering pages/contact
Rendered layouts/_stylesheets (1.4ms)
Rendered layouts/_header (1.2ms)
Rendered layouts/_footer (0.4ms)
Completed in 11ms (View: 7, DB: 0) | 200 OK [http://localhost/contact]


Processing PagesController#home (for 127.0.0.1 at 2010-06-14 22:11:47) [GET]
Rendering template within layouts/application
Rendering pages/home
Rendered layouts/_stylesheets (1.3ms)
Rendered layouts/_header (1.2ms)
Rendered layouts/_footer (0.4ms)
Completed in 11ms (View: 8, DB: 0) | 200 OK [http://localhost/]


Processing PagesController#home (for 127.0.0.1 at 2010-06-14 22:20:18) [GET]
Rendering template within layouts/application
Rendering pages/home
Rendered layouts/_stylesheets (2.7ms)
Rendered layouts/_header (2.7ms)
Rendered layouts/_footer (1.7ms)
Completed in 82ms (View: 78, DB: 0) | 200 OK [http://localhost/]


Processing UsersController#new (for 127.0.0.1 at 2010-06-14 22:20:24) [GET]
Rendering template within layouts/application
Rendering users/new
Rendered layouts/_stylesheets (1.4ms)
Rendered layouts/_header (1.2ms)
Rendered layouts/_footer (0.4ms)
Completed in 21ms (View: 17, DB: 0) | 200 OK [http://localhost/users/new]


Processing UsersController#new (for 127.0.0.1 at 2010-06-14 22:23:26) [GET]
Rendering template within layouts/application
Rendering users/new
Rendered layouts/_stylesheets (1.3ms)
Rendered layouts/_header (1.2ms)
Rendered layouts/_footer (0.4ms)
Completed in 11ms (View: 7, DB: 0) | 200 OK [http://localhost/users/new]


Processing PagesController#home (for 127.0.0.1 at 2010-06-14 22:23:31) [GET]
Rendering template within layouts/application
Rendering pages/home
Rendered layouts/_stylesheets (1.4ms)
Rendered layouts/_header (2.2ms)
Rendered layouts/_footer (0.4ms)
Completed in 13ms (View: 9, DB: 0) | 200 OK [http://localhost/]


Processing PagesController#home (for 127.0.0.1 at 2010-06-14 22:28:09) [GET]
Rendering template within layouts/application
Rendering pages/home
Rendered layouts/_stylesheets (1.4ms)
Rendered layouts/_header (1.2ms)
Rendered layouts/_footer (0.4ms)
Completed in 23ms (View: 19, DB: 0) | 200 OK [http://localhost/]


Processing UsersController#new (for 127.0.0.1 at 2010-06-14 22:28:12) [GET]
Rendering template within layouts/application
Rendering users/new
Rendered layouts/_stylesheets (1.4ms)
Rendered layouts/_header (1.2ms)
Rendered layouts/_footer (0.5ms)
Completed in 13ms (View: 7, DB: 0) | 200 OK [http://localhost/signup]


Processing PagesController#home (for 127.0.0.1 at 2010-06-14 22:28:16) [GET]
Rendering template within layouts/application
Rendering pages/home
Rendered layouts/_stylesheets (1.3ms)
Rendered layouts/_header (1.2ms)
Rendered layouts/_footer (0.4ms)
Completed in 11ms (View: 7, DB: 0) | 200 OK [http://localhost/]


Processing PagesController#help (for 127.0.0.1 at 2010-06-14 22:28:17) [GET]
Rendering template within layouts/application
Rendering pages/help
Rendered layouts/_stylesheets (1.4ms)
Rendered layouts/_header (1.2ms)
Rendered layouts/_footer (0.4ms)
Completed in 22ms (View: 18, DB: 0) | 200 OK [http://localhost/help]


Processing PagesController#home (for 127.0.0.1 at 2010-06-14 22:28:20) [GET]
Rendering template within layouts/application
Rendering pages/home
Rendered layouts/_stylesheets (1.3ms)
Rendered layouts/_header (1.2ms)
Rendered layouts/_footer (0.4ms)
Completed in 11ms (View: 7, DB: 0) | 200 OK [http://localhost/]


Processing PagesController#home (for 127.0.0.1 at 2010-06-14 22:30:10) [GET]
Rendering template within layouts/application
Rendering pages/home
Rendered layouts/_stylesheets (1.3ms)
Rendered layouts/_header (1.2ms)
Rendered layouts/_footer (0.4ms)
Completed in 21ms (View: 17, DB: 0) | 200 OK [http://localhost/]


Processing PagesController#home (for 127.0.0.1 at 2010-06-14 22:30:45) [GET]
Rendering template within layouts/application
Rendering pages/home
Rendered layouts/_stylesheets (1.4ms)
Rendered layouts/_header (1.1ms)
Rendered layouts/_footer (0.4ms)
Completed in 20ms (View: 16, DB: 0) | 200 OK [http://localhost/]


Processing PagesController#home (for 127.0.0.1 at 2010-06-14 22:31:03) [GET]
Rendering template within layouts/application
Rendering pages/home
Rendered layouts/_stylesheets (1.3ms)
Rendered layouts/_header (1.2ms)
Rendered layouts/_footer (0.4ms)
Completed in 21ms (View: 17, DB: 0) | 200 OK [http://localhost/]
  [4;36;1mSQL (0.5ms)[0m   [0;1m SELECT name
 FROM sqlite_master
 WHERE type = 'table' AND NOT name = 'sqlite_sequence'
[0m
  [4;35;1mSQL (0.3ms)[0m   [0mselect sqlite_version(*)[0m
  [4;36;1mSQL (2.6ms)[0m   [0;1mCREATE TABLE "schema_migrations" ("version" varchar(255) NOT NULL) [0m
  [4;35;1mSQL (0.1ms)[0m   [0mPRAGMA index_list("schema_migrations")[0m
  [4;36;1mSQL (2.1ms)[0m   [0;1mCREATE UNIQUE INDEX "unique_schema_migrations" ON "schema_migrations" ("version")[0m
  [4;35;1mSQL (0.4ms)[0m   [0m SELECT name
 FROM sqlite_master
 WHERE type = 'table' AND NOT name = 'sqlite_sequence'
[0m
  [4;36;1mSQL (0.2ms)[0m   [0;1mSELECT version FROM schema_migrations[0m
Migrating to CreateUsers (20100615054917)
  [4;35;1mSQL (1.2ms)[0m   [0mCREATE TABLE "users" ("id" INTEGER PRIMARY KEY AUTOINCREMENT NOT NULL, "name" varchar(255), "email" varchar(255), "created_at" datetime, "updated_at" datetime) [0m
  [4;36;1mSQL (0.3ms)[0m   [0;1mINSERT INTO schema_migrations (version) VALUES ('20100615054917')[0m
  [4;35;1mSQL (0.6ms)[0m   [0m SELECT name
 FROM sqlite_master
 WHERE type = 'table' AND NOT name = 'sqlite_sequence'
[0m
  [4;36;1mSQL (0.3ms)[0m   [0;1mSELECT version FROM schema_migrations[0m
  [4;35;1mSQL (0.4ms)[0m   [0m SELECT name
 FROM sqlite_master
 WHERE type = 'table' AND NOT name = 'sqlite_sequence'
[0m
  [4;36;1mSQL (0.2ms)[0m   [0;1mPRAGMA index_list("users")[0m
  [4;36;1mSQL (1.0ms)[0m   [0;1m SELECT name
 FROM sqlite_master
 WHERE type = 'table' AND NOT name = 'sqlite_sequence'
[0m
  [4;35;1mSQL (0.3ms)[0m   [0mSELECT version FROM schema_migrations[0m
Migrating to CreateUsers (20100615054917)
Migrating to AddEmailUniquenessIndex (20100615082540)
  [4;36;1mSQL (0.2ms)[0m   [0;1mselect sqlite_version(*)[0m
  [4;35;1mSQL (0.1ms)[0m   [0mPRAGMA index_list("users")[0m
  [4;36;1mSQL (1.5ms)[0m   [0;1mCREATE UNIQUE INDEX "index_users_on_email" ON "users" ("email")[0m
  [4;35;1mSQL (0.3ms)[0m   [0mINSERT INTO schema_migrations (version) VALUES ('20100615082540')[0m
  [4;36;1mSQL (0.6ms)[0m   [0;1m SELECT name
 FROM sqlite_master
 WHERE type = 'table' AND NOT name = 'sqlite_sequence'
[0m
  [4;35;1mSQL (0.4ms)[0m   [0mSELECT version FROM schema_migrations[0m
  [4;36;1mSQL (0.4ms)[0m   [0;1m SELECT name
 FROM sqlite_master
 WHERE type = 'table' AND NOT name = 'sqlite_sequence'
[0m
  [4;35;1mSQL (0.3ms)[0m   [0mPRAGMA index_list("users")[0m
  [4;36;1mSQL (0.3ms)[0m   [0;1mPRAGMA index_info('index_users_on_email')[0m
  [4;36;1mSQL (1.0ms)[0m   [0;1m SELECT name
 FROM sqlite_master
 WHERE type = 'table' AND NOT name = 'sqlite_sequence'
[0m
  [4;36;1mUser Load (0.4ms)[0m   [0;1mSELECT "users".id FROM "users" WHERE (LOWER("users"."email") = 'blake.van@me.com') LIMIT 1[0m
  [4;35;1mUser Create (1.0ms)[0m   [0mINSERT INTO "users" ("name", "created_at", "updated_at", "email") VALUES('Blake VanDrimlen', '2010-06-15 08:42:49', '2010-06-15 08:42:49', 'blake.van@me.com')[0m


Processing PagesController#home (for 127.0.0.1 at 2010-06-15 01:47:39) [GET]
Rendering template within layouts/application
Rendering pages/home
Rendered layouts/_stylesheets (2.5ms)
Rendered layouts/_header (2.6ms)
Rendered layouts/_footer (1.8ms)
Completed in 72ms (View: 68, DB: 0) | 200 OK [http://localhost/]


Processing UsersController#new (for 127.0.0.1 at 2010-06-15 01:47:41) [GET]
Rendering template within layouts/application
Rendering users/new
Rendered layouts/_stylesheets (1.5ms)
Rendered layouts/_header (1.3ms)
Rendered layouts/_footer (0.4ms)
Completed in 24ms (View: 20, DB: 0) | 200 OK [http://localhost/signup]


Processing UsersController#new (for 127.0.0.1 at 2010-06-15 01:47:47) [GET]
Rendering template within layouts/application
Rendering users/new
Rendered layouts/_stylesheets (1.4ms)
Rendered layouts/_header (1.3ms)
Rendered layouts/_footer (0.5ms)
Completed in 11ms (View: 7, DB: 0) | 200 OK [http://localhost/users/new]


Processing UsersController#show (for 127.0.0.1 at 2010-06-15 01:47:57) [GET]
Rendering template within layouts/application
Rendering users/show

ActionView::TemplateError (undefined method `name' for nil:NilClass) on line #1 of app/views/users/show.html.erb:
1: <%= @user.name %>, <%= @user.email %>

    app/views/users/show.html.erb:1

Rendered rescues/_trace (273.9ms)
Rendered rescues/_request_and_response (2.9ms)
Rendering rescues/layout (internal_server_error)


Processing UsersController#show (for 127.0.0.1 at 2010-06-15 01:48:01) [GET]
  Parameters: {"id"=>"1"}
Rendering template within layouts/application
Rendering users/show

ActionView::TemplateError (undefined method `name' for nil:NilClass) on line #1 of app/views/users/show.html.erb:
1: <%= @user.name %>, <%= @user.email %>

    app/views/users/show.html.erb:1

Rendered rescues/_trace (111.5ms)
Rendered rescues/_request_and_response (0.8ms)
Rendering rescues/layout (internal_server_error)


Processing ApplicationController#show (for 127.0.0.1 at 2010-06-15 01:52:19) [GET]
  Parameters: {"id"=>"1"}

SyntaxError (/Users/Blake/Programing/rails_projects/microblogger/app/controllers/users_controller.rb:4: syntax error, unexpected '[', expecting tSTRING_CONTENT or tSTRING_DBEG or tSTRING_DVAR or tSTRING_END
    @user = User.find(params:[id])
                              ^
/Users/Blake/Programing/rails_projects/microblogger/app/controllers/users_controller.rb:11: syntax error, unexpected $end, expecting kEND):
  

Rendered rescues/_trace (261.4ms)
Rendered rescues/_request_and_response (0.7ms)
Rendering rescues/layout (internal_server_error)


Processing UsersController#show (for 127.0.0.1 at 2010-06-15 01:56:41) [GET]
  Parameters: {"id"=>"1"}
  [4;36;1mUser Load (0.6ms)[0m   [0;1mSELECT * FROM "users" WHERE ("users"."id" = 1) [0m
Rendering template within layouts/application
Rendering users/show
Rendered layouts/_stylesheets (1.4ms)
Rendered layouts/_header (1.4ms)
Rendered layouts/_footer (0.4ms)
Completed in 26ms (View: 11, DB: 1) | 200 OK [http://localhost/users/show/1]


Processing UsersController#show (for 127.0.0.1 at 2010-06-15 02:00:57) [GET]
  Parameters: {"id"=>"1"}
  [4;35;1mUser Load (0.6ms)[0m   [0mSELECT * FROM "users" WHERE ("users"."id" = 1) [0m
Rendering template within layouts/application
Rendering users/show
Rendered layouts/_stylesheets (1.3ms)
Rendered layouts/_header (1.2ms)
Rendered layouts/_footer (0.5ms)
Completed in 24ms (View: 9, DB: 1) | 200 OK [http://localhost/users/1]


Processing UsersController#show (for 127.0.0.1 at 2010-06-15 02:01:00) [GET]
  Parameters: {"id"=>"1"}
  [4;36;1mUser Load (0.6ms)[0m   [0;1mSELECT * FROM "users" WHERE ("users"."id" = 1) [0m
Rendering template within layouts/application
Rendering users/show
Rendered layouts/_stylesheets (1.4ms)
Rendered layouts/_header (1.2ms)
Rendered layouts/_footer (0.4ms)
Completed in 24ms (View: 9, DB: 1) | 200 OK [http://localhost/users/1]


Processing UsersController#show (for 127.0.0.1 at 2010-06-15 02:01:04) [GET]
  Parameters: {"id"=>"2"}
  [4;35;1mUser Load (0.3ms)[0m   [0mSELECT * FROM "users" WHERE ("users"."id" = 2) [0m

ActiveRecord::RecordNotFound (Couldn't find User with ID=2):
  app/controllers/users_controller.rb:4:in `show'

Rendered rescues/_trace (277.4ms)
Rendered rescues/_request_and_response (0.7ms)
Rendering rescues/layout (not_found)


Processing UsersController#show (for 127.0.0.1 at 2010-06-15 02:01:09) [GET]
  Parameters: {"id"=>"1"}
  [4;36;1mUser Load (0.5ms)[0m   [0;1mSELECT * FROM "users" WHERE ("users"."id" = 1) [0m
Rendering template within layouts/application
Rendering users/show
Rendered layouts/_stylesheets (1.4ms)
Rendered layouts/_header (1.2ms)
Rendered layouts/_footer (0.4ms)
Completed in 23ms (View: 9, DB: 1) | 200 OK [http://localhost/users/1]
  [4;36;1mSQL (1.1ms)[0m   [0;1m SELECT name
 FROM sqlite_master
 WHERE type = 'table' AND NOT name = 'sqlite_sequence'
[0m
  [4;35;1mSQL (0.5ms)[0m   [0mSELECT version FROM schema_migrations[0m
Migrating to CreateUsers (20100615054917)
Migrating to AddEmailUniquenessIndex (20100615082540)
Migrating to AddPasswordToUsers (20100615091448)
  [4;36;1mSQL (0.2ms)[0m   [0;1mselect sqlite_version(*)[0m
  [4;35;1mSQL (1.2ms)[0m   [0mALTER TABLE "users" ADD "encrypted_password" varchar(255)[0m
  [4;36;1mSQL (0.3ms)[0m   [0;1mINSERT INTO schema_migrations (version) VALUES ('20100615091448')[0m
  [4;35;1mSQL (0.6ms)[0m   [0m SELECT name
 FROM sqlite_master
 WHERE type = 'table' AND NOT name = 'sqlite_sequence'
[0m
  [4;36;1mSQL (0.5ms)[0m   [0;1mSELECT version FROM schema_migrations[0m
  [4;35;1mSQL (0.4ms)[0m   [0m SELECT name
 FROM sqlite_master
 WHERE type = 'table' AND NOT name = 'sqlite_sequence'
[0m
  [4;36;1mSQL (0.3ms)[0m   [0;1mPRAGMA index_list("users")[0m
  [4;35;1mSQL (0.3ms)[0m   [0mPRAGMA index_info('index_users_on_email')[0m
  [4;36;1mSQL (1.0ms)[0m   [0;1m SELECT name
 FROM sqlite_master
 WHERE type = 'table' AND NOT name = 'sqlite_sequence'
[0m
  [4;35;1mSQL (0.5ms)[0m   [0mSELECT version FROM schema_migrations[0m
Migrating to CreateUsers (20100615054917)
Migrating to AddEmailUniquenessIndex (20100615082540)
Migrating to AddPasswordToUsers (20100615091448)
Migrating to AddSaltToUsers (20100615093018)
  [4;36;1mSQL (0.3ms)[0m   [0;1mselect sqlite_version(*)[0m
  [4;35;1mSQL (1.2ms)[0m   [0mALTER TABLE "users" ADD "salt" varchar(255)[0m
  [4;36;1mSQL (0.3ms)[0m   [0;1mINSERT INTO schema_migrations (version) VALUES ('20100615093018')[0m
  [4;35;1mSQL (0.6ms)[0m   [0m SELECT name
 FROM sqlite_master
 WHERE type = 'table' AND NOT name = 'sqlite_sequence'
[0m
  [4;36;1mSQL (0.6ms)[0m   [0;1mSELECT version FROM schema_migrations[0m
  [4;35;1mSQL (0.5ms)[0m   [0m SELECT name
 FROM sqlite_master
 WHERE type = 'table' AND NOT name = 'sqlite_sequence'
[0m
  [4;36;1mSQL (0.3ms)[0m   [0;1mPRAGMA index_list("users")[0m
  [4;35;1mSQL (0.3ms)[0m   [0mPRAGMA index_info('index_users_on_email')[0m
  [4;36;1mUser Load (0.5ms)[0m   [0;1mSELECT "users".id FROM "users" WHERE (LOWER("users"."email") = 'blake.van@me.com') LIMIT 1[0m
  [4;35;1mUser Load (0.7ms)[0m   [0mSELECT * FROM "users" WHERE ("users"."email" = 'blake.van@me.com') LIMIT 1[0m


Processing PagesController#home (for 127.0.0.1 at 2010-06-15 02:40:00) [GET]
Rendering template within layouts/application
Rendering pages/home
Rendered layouts/_stylesheets (1.4ms)
Rendered layouts/_header (1.3ms)
Rendered layouts/_footer (0.5ms)
Completed in 12ms (View: 8, DB: 0) | 200 OK [http://localhost/]


Processing UsersController#new (for 127.0.0.1 at 2010-06-15 02:40:02) [GET]
Rendering template within layouts/application
Rendering users/new
Rendered layouts/_stylesheets (1.3ms)
Rendered layouts/_header (1.2ms)
Rendered layouts/_footer (0.4ms)
Completed in 11ms (View: 7, DB: 0) | 200 OK [http://localhost/signup]


Processing PagesController#about (for 127.0.0.1 at 2010-06-15 02:40:04) [GET]
Rendering template within layouts/application
Rendering pages/about
Rendered layouts/_stylesheets (1.3ms)
Rendered layouts/_header (1.2ms)
Rendered layouts/_footer (0.4ms)
Completed in 23ms (View: 17, DB: 0) | 200 OK [http://localhost/about]


Processing PagesController#contact (for 127.0.0.1 at 2010-06-15 02:40:17) [GET]
Rendering template within layouts/application
Rendering pages/contact
Rendered layouts/_stylesheets (1.3ms)
Rendered layouts/_header (1.2ms)
Rendered layouts/_footer (0.4ms)
Completed in 21ms (View: 17, DB: 0) | 200 OK [http://localhost/contact]


Processing PagesController#home (for 127.0.0.1 at 2010-06-15 02:40:26) [GET]
Rendering template within layouts/application
Rendering pages/home
Rendered layouts/_stylesheets (1.3ms)
Rendered layouts/_header (1.2ms)
Rendered layouts/_footer (0.4ms)
Completed in 12ms (View: 8, DB: 0) | 200 OK [http://localhost/]


Processing PagesController#help (for 127.0.0.1 at 2010-06-15 02:40:31) [GET]
Rendering template within layouts/application
Rendering pages/help
Rendered layouts/_stylesheets (1.4ms)
Rendered layouts/_header (1.2ms)
Rendered layouts/_footer (0.5ms)
Completed in 22ms (View: 18, DB: 0) | 200 OK [http://localhost/help]


Processing PagesController#contact (for 127.0.0.1 at 2010-06-15 03:55:33) [GET]
Rendering template within layouts/application
Rendering pages/contact
Rendered layouts/_stylesheets (1.4ms)
Rendered layouts/_header (1.2ms)
Rendered layouts/_footer (0.4ms)
Completed in 12ms (View: 7, DB: 0) | 200 OK [http://localhost/contact]


Processing PagesController#home (for 127.0.0.1 at 2010-06-15 03:55:35) [GET]
Rendering template within layouts/application
Rendering pages/home
Rendered layouts/_stylesheets (1.3ms)
Rendered layouts/_header (1.1ms)
Rendered layouts/_footer (0.4ms)
Completed in 11ms (View: 7, DB: 0) | 200 OK [http://localhost/]


Processing PagesController#home (for 127.0.0.1 at 2010-06-15 11:32:00) [GET]
Rendering template within layouts/application
Rendering pages/home
Rendered layouts/_stylesheets (3.7ms)
Rendered layouts/_header (8.7ms)
Rendered layouts/_footer (2.3ms)
Completed in 124ms (View: 120, DB: 0) | 200 OK [http://localhost/]


Processing UsersController#new (for 127.0.0.1 at 2010-06-15 11:32:03) [GET]
Rendering template within layouts/application
Rendering users/new
Rendered layouts/_stylesheets (1.3ms)
Rendered layouts/_header (1.2ms)
Rendered layouts/_footer (0.4ms)
Completed in 50ms (View: 44, DB: 0) | 200 OK [http://localhost/signup]


Processing PagesController#contact (for 127.0.0.1 at 2010-06-15 11:32:04) [GET]
Rendering template within layouts/application
Rendering pages/contact
Rendered layouts/_stylesheets (2.1ms)
Rendered layouts/_header (1.8ms)
Rendered layouts/_footer (0.7ms)
Completed in 47ms (View: 42, DB: 0) | 200 OK [http://localhost/contact]


Processing PagesController#about (for 127.0.0.1 at 2010-06-15 11:32:06) [GET]
Rendering template within layouts/application
Rendering pages/about
Rendered layouts/_stylesheets (1.4ms)
Rendered layouts/_header (1.3ms)
Rendered layouts/_footer (0.4ms)
Completed in 23ms (View: 19, DB: 0) | 200 OK [http://localhost/about]
  [4;36;1mSQL (0.4ms)[0m   [0;1mselect sqlite_version(*)[0m
  [4;35;1mSQL (0.5ms)[0m   [0m SELECT name
 FROM sqlite_master
 WHERE type = 'table' AND NOT name = 'sqlite_sequence'
[0m
  [4;36;1mSQL (2.6ms)[0m   [0;1mCREATE TABLE "users" ("id" INTEGER PRIMARY KEY AUTOINCREMENT NOT NULL, "name" varchar(255), "email" varchar(255), "created_at" datetime, "updated_at" datetime, "encrypted_password" varchar(255), "salt" varchar(255)) [0m
  [4;35;1mSQL (0.1ms)[0m   [0mPRAGMA index_list("users")[0m
  [4;36;1mSQL (2.1ms)[0m   [0;1mCREATE UNIQUE INDEX "index_users_on_email" ON "users" ("email")[0m
  [4;35;1mSQL (0.5ms)[0m   [0m SELECT name
 FROM sqlite_master
 WHERE type = 'table' AND NOT name = 'sqlite_sequence'
[0m
  [4;36;1mSQL (3.3ms)[0m   [0;1mCREATE TABLE "schema_migrations" ("version" varchar(255) NOT NULL) [0m
  [4;35;1mSQL (0.1ms)[0m   [0mPRAGMA index_list("schema_migrations")[0m
  [4;36;1mSQL (7.9ms)[0m   [0;1mCREATE UNIQUE INDEX "unique_schema_migrations" ON "schema_migrations" ("version")[0m
  [4;35;1mSQL (1.0ms)[0m   [0m SELECT name
 FROM sqlite_master
 WHERE type = 'table' AND NOT name = 'sqlite_sequence'
[0m
  [4;36;1mSQL (0.4ms)[0m   [0;1mSELECT version FROM "schema_migrations"[0m
  [4;35;1mSQL (3.8ms)[0m   [0mINSERT INTO "schema_migrations" (version) VALUES ('20100615093018')[0m
  [4;36;1mSQL (2.2ms)[0m   [0;1mINSERT INTO "schema_migrations" (version) VALUES ('20100615054917')[0m
  [4;35;1mSQL (2.1ms)[0m   [0mINSERT INTO "schema_migrations" (version) VALUES ('20100615082540')[0m
  [4;36;1mSQL (2.4ms)[0m   [0;1mINSERT INTO "schema_migrations" (version) VALUES ('20100615091448')[0m
  [4;36;1mUser Load (0.5ms)[0m   [0;1mSELECT "users".id FROM "users" WHERE (LOWER("users"."email") = 'user@example.com') LIMIT 1[0m
  [4;35;1mUser Create (1.2ms)[0m   [0mINSERT INTO "users" ("name", "encrypted_password", "salt", "created_at", "updated_at", "email") VALUES('Example User', '99beb1d9cdde90a7f5ce464a9a65e3ec208de1589c31591e48339b4dd9637c1b', '82c06fe2a2eae955ada9ed2ab789573b347701bf106ddf962890aace29646115', '2010-06-15 18:41:49', '2010-06-15 18:41:49', 'user@example.com')[0m


Processing UsersController#show (for 127.0.0.1 at 2010-06-15 11:42:30) [GET]
  Parameters: {"id"=>"1"}
  [4;36;1mUser Load (0.6ms)[0m   [0;1mSELECT * FROM "users" WHERE ("users"."id" = 1) [0m
Rendering template within layouts/application
Rendering users/show
Rendered layouts/_stylesheets (1.3ms)
Rendered layouts/_header (1.2ms)
Rendered layouts/_footer (0.4ms)
Completed in 214ms (View: 194, DB: 1) | 200 OK [http://localhost/users/1]


Processing UsersController#show (for 127.0.0.1 at 2010-06-15 11:48:31) [GET]
  Parameters: {"id"=>"1"}
  [4;35;1mUser Load (0.6ms)[0m   [0mSELECT * FROM "users" WHERE ("users"."id" = 1) [0m
Rendering template within layouts/application
Rendering users/show
Rendered layouts/_stylesheets (1.4ms)
Rendered layouts/_header (1.4ms)
Rendered layouts/_footer (0.4ms)
Completed in 39ms (View: 17, DB: 1) | 200 OK [http://localhost/users/1]


Processing UsersController#show (for 127.0.0.1 at 2010-06-15 11:51:22) [GET]
  Parameters: {"id"=>"1"}
  [4;36;1mUser Load (0.6ms)[0m   [0;1mSELECT * FROM "users" WHERE ("users"."id" = 1) [0m
Rendering template within layouts/application
Rendering users/show

ActionView::TemplateError (undefined method `gravatar_for' for #<ActionView::Base:0x1043cb6a8>) on line #2 of app/views/users/show.html.erb:
1: <h2>
2:   <%= gravatar_for @user %>
3:   <%= h @user.name %>
4: </h2>

    app/views/users/show.html.erb:2

Rendered rescues/_trace (118.1ms)
Rendered rescues/_request_and_response (3.3ms)
Rendering rescues/layout (internal_server_error)


Processing UsersController#show (for 127.0.0.1 at 2010-06-15 11:51:39) [GET]
  Parameters: {"id"=>"1"}
  [4;35;1mUser Load (0.6ms)[0m   [0mSELECT * FROM "users" WHERE ("users"."id" = 1) [0m
Rendering template within layouts/application
Rendering users/show

ActionView::TemplateError (undefined method `gravatar_for' for #<ActionView::Base:0x1040ffff0>) on line #2 of app/views/users/show.html.erb:
1: <h2>
2:   <%= gravatar_for @user %>
3:   <%= h @user.name %>
4: </h2>

    app/views/users/show.html.erb:2

Rendered rescues/_trace (110.9ms)
Rendered rescues/_request_and_response (0.7ms)
Rendering rescues/layout (internal_server_error)


Processing UsersController#show (for 127.0.0.1 at 2010-06-15 11:54:25) [GET]
  Parameters: {"id"=>"1"}
  [4;36;1mUser Load (0.8ms)[0m   [0;1mSELECT * FROM "users" WHERE ("users"."id" = 1) [0m
Rendering template within layouts/application
Rendering users/show
Rendered layouts/_stylesheets (2.9ms)
Rendered layouts/_header (3.0ms)
Rendered layouts/_footer (1.8ms)
Completed in 98ms (View: 73, DB: 1) | 200 OK [http://localhost/users/1]


Processing UsersController#show (for 127.0.0.1 at 2010-06-15 11:59:21) [GET]
  Parameters: {"id"=>"1"}
  [4;35;1mUser Load (0.6ms)[0m   [0mSELECT * FROM "users" WHERE ("users"."id" = 1) [0m
Rendering template within layouts/application
Rendering users/show
Rendered layouts/_stylesheets (1.4ms)
Rendered layouts/_header (1.2ms)
Rendered layouts/_footer (0.4ms)
Completed in 45ms (View: 22, DB: 1) | 200 OK [http://localhost/users/1]


Processing UsersController#show (for 127.0.0.1 at 2010-06-15 12:01:12) [GET]
  Parameters: {"id"=>"1"}
  [4;36;1mUser Load (0.7ms)[0m   [0;1mSELECT * FROM "users" WHERE ("users"."id" = 1) [0m
Rendering template within layouts/application
Rendering users/show
Rendered layouts/_stylesheets (1.4ms)
Rendered layouts/_header (1.5ms)
Rendered layouts/_footer (0.4ms)
Completed in 33ms (View: 10, DB: 1) | 200 OK [http://localhost/users/1]
  [4;36;1mSQL (0.4ms)[0m   [0;1mselect sqlite_version(*)[0m
  [4;35;1mSQL (0.5ms)[0m   [0m SELECT name
 FROM sqlite_master
 WHERE type = 'table' AND NOT name = 'sqlite_sequence'
[0m
  [4;36;1mSQL (2.9ms)[0m   [0;1mCREATE TABLE "users" ("id" INTEGER PRIMARY KEY AUTOINCREMENT NOT NULL, "name" varchar(255), "email" varchar(255), "created_at" datetime, "updated_at" datetime, "encrypted_password" varchar(255), "salt" varchar(255)) [0m
  [4;35;1mSQL (0.1ms)[0m   [0mPRAGMA index_list("users")[0m
  [4;36;1mSQL (2.3ms)[0m   [0;1mCREATE UNIQUE INDEX "index_users_on_email" ON "users" ("email")[0m
  [4;35;1mSQL (0.5ms)[0m   [0m SELECT name
 FROM sqlite_master
 WHERE type = 'table' AND NOT name = 'sqlite_sequence'
[0m
  [4;36;1mSQL (2.4ms)[0m   [0;1mCREATE TABLE "schema_migrations" ("version" varchar(255) NOT NULL) [0m
  [4;35;1mSQL (0.2ms)[0m   [0mPRAGMA index_list("schema_migrations")[0m
  [4;36;1mSQL (2.3ms)[0m   [0;1mCREATE UNIQUE INDEX "unique_schema_migrations" ON "schema_migrations" ("version")[0m
  [4;35;1mSQL (0.5ms)[0m   [0m SELECT name
 FROM sqlite_master
 WHERE type = 'table' AND NOT name = 'sqlite_sequence'
[0m
  [4;36;1mSQL (0.3ms)[0m   [0;1mSELECT version FROM "schema_migrations"[0m
  [4;35;1mSQL (1.9ms)[0m   [0mINSERT INTO "schema_migrations" (version) VALUES ('20100615093018')[0m
  [4;36;1mSQL (2.4ms)[0m   [0;1mINSERT INTO "schema_migrations" (version) VALUES ('20100615054917')[0m
  [4;35;1mSQL (3.1ms)[0m   [0mINSERT INTO "schema_migrations" (version) VALUES ('20100615082540')[0m
  [4;36;1mSQL (2.4ms)[0m   [0;1mINSERT INTO "schema_migrations" (version) VALUES ('20100615091448')[0m


Processing PagesController#home (for 127.0.0.1 at 2010-06-15 12:27:29) [GET]
Rendering template within layouts/application
Rendering pages/home
Rendered layouts/_stylesheets (1.4ms)
Rendered layouts/_header (1.2ms)
Rendered layouts/_footer (0.4ms)
Completed in 23ms (View: 19, DB: 0) | 200 OK [http://localhost/]


Processing UsersController#new (for 127.0.0.1 at 2010-06-15 12:27:31) [GET]
Rendering template within layouts/application
Rendering users/new
Rendered layouts/_stylesheets (1.4ms)
Rendered layouts/_header (1.2ms)
Rendered layouts/_footer (0.4ms)
Completed in 67ms (View: 50, DB: 0) | 200 OK [http://localhost/signup]


Processing UsersController#new (for 127.0.0.1 at 2010-06-15 12:38:15) [GET]
Rendering template within layouts/application
Rendering users/new
Rendered layouts/_stylesheets (1.3ms)
Rendered layouts/_header (1.2ms)
Rendered layouts/_footer (0.4ms)
Completed in 55ms (View: 37, DB: 0) | 200 OK [http://localhost/signup]


Processing UsersController#create (for 127.0.0.1 at 2010-06-15 12:38:29) [POST]
  Parameters: {"commit"=>"Sign up", "authenticity_token"=>"nrVcJ/Cm+iL94s+QxLKQTchLVTcJmoQY/gNWMxNcqnI=", "user"=>{"name"=>"Foo Bar", "password_confirmation"=>"dude", "password"=>"dude", "email"=>"foo@invalid"}}
  [4;35;1mUser Load (0.4ms)[0m   [0mSELECT "users".id FROM "users" WHERE (LOWER("users"."email") = 'foo@invalid') LIMIT 1[0m
Rendering template within layouts/application
Rendering users/new
Rendered layouts/_stylesheets (1.5ms)
Rendered layouts/_header (1.2ms)
Rendered layouts/_footer (0.5ms)
Completed in 426ms (View: 37, DB: 0) | 200 OK [http://localhost/users]


Processing PagesController#home (for 127.0.0.1 at 2010-06-15 12:38:57) [GET]
Rendering template within layouts/application
Rendering pages/home
Rendered layouts/_stylesheets (1.4ms)
Rendered layouts/_header (1.2ms)
Rendered layouts/_footer (0.4ms)
Completed in 12ms (View: 8, DB: 0) | 200 OK [http://localhost/]


Processing PagesController#help (for 127.0.0.1 at 2010-06-15 12:39:00) [GET]
Rendering template within layouts/application
Rendering pages/help
Rendered layouts/_stylesheets (1.4ms)
Rendered layouts/_header (1.2ms)
Rendered layouts/_footer (0.4ms)
Completed in 21ms (View: 17, DB: 0) | 200 OK [http://localhost/help]


Processing PagesController#home (for 127.0.0.1 at 2010-06-15 12:39:05) [GET]
Rendering template within layouts/application
Rendering pages/home
Rendered layouts/_stylesheets (1.3ms)
Rendered layouts/_header (1.1ms)
Rendered layouts/_footer (0.4ms)
Completed in 11ms (View: 7, DB: 0) | 200 OK [http://localhost/]


Processing PagesController#home (for 127.0.0.1 at 2010-06-15 12:50:33) [GET]
  Parameters: {"action"=>"home", "controller"=>"pages"}
Rendering template within layouts/application
Rendering pages/home
Rendered layouts/_stylesheets (1.4ms)
Rendered layouts/_header (1.2ms)
Rendered layouts/_footer (0.4ms)
Completed in 24ms (View: 20, DB: 0) | 200 OK [http://localhost/]


Processing UsersController#new (for 127.0.0.1 at 2010-06-15 12:50:35) [GET]
  Parameters: {"action"=>"new", "controller"=>"users"}
Rendering template within layouts/application
Rendering users/new
Rendered layouts/_stylesheets (1.3ms)
Rendered layouts/_header (1.2ms)
Rendered layouts/_footer (0.5ms)
Completed in 43ms (View: 25, DB: 0) | 200 OK [http://localhost/signup]


Processing UsersController#create (for 127.0.0.1 at 2010-06-15 12:51:13) [POST]
  Parameters: {"commit"=>"Sign up", "action"=>"create", "authenticity_token"=>"nrVcJ/Cm+iL94s+QxLKQTchLVTcJmoQY/gNWMxNcqnI=", "controller"=>"users", "user"=>{"name"=>"Rails Tutorial", "password_confirmation"=>"[FILTERED]", "password"=>"[FILTERED]", "email"=>"rails@example.com"}}
  [4;36;1mUser Load (0.3ms)[0m   [0;1mSELECT "users".id FROM "users" WHERE (LOWER("users"."email") = 'rails@example.com') LIMIT 1[0m
  [4;35;1mUser Create (1.0ms)[0m   [0mINSERT INTO "users" ("name", "encrypted_password", "salt", "created_at", "updated_at", "email") VALUES('Rails Tutorial', 'a0532ea395e6bf37252f50d5088749744ba389664a1d66640c77bf981a427c23', '51f03bae69a6d631c9bdac0369e48f9ac20aae2e76cfdc6ba842fa5b4e848b61', '2010-06-15 19:51:13', '2010-06-15 19:51:13', 'rails@example.com')[0m
Redirected to http://localhost:3000/users/1
Completed in 48ms (DB: 1) | 302 Found [http://localhost/users]


Processing UsersController#show (for 127.0.0.1 at 2010-06-15 12:51:14) [GET]
  Parameters: {"action"=>"show", "id"=>"1", "controller"=>"users"}
  [4;36;1mUser Load (0.6ms)[0m   [0;1mSELECT * FROM "users" WHERE ("users"."id" = 1) [0m
Rendering template within layouts/application
Rendering users/show
Rendered layouts/_stylesheets (1.3ms)
Rendered layouts/_header (1.3ms)
Rendered layouts/_footer (0.4ms)
Completed in 32ms (View: 10, DB: 1) | 200 OK [http://localhost/users/1]


Processing UsersController#show (for 127.0.0.1 at 2010-06-15 12:54:18) [GET]
  Parameters: {"action"=>"show", "id"=>"1", "controller"=>"users"}
  [4;35;1mUser Load (0.6ms)[0m   [0mSELECT * FROM "users" WHERE ("users"."id" = 1) [0m
Rendering template within layouts/application
Rendering users/show
Rendered layouts/_stylesheets (1.4ms)
Rendered layouts/_header (1.2ms)
Rendered layouts/_footer (0.4ms)
Completed in 195ms (View: 10, DB: 1) | 200 OK [http://localhost/users/1]


Processing PagesController#home (for 127.0.0.1 at 2010-06-15 12:54:21) [GET]
  Parameters: {"action"=>"home", "controller"=>"pages"}
Rendering template within layouts/application
Rendering pages/home
Rendered layouts/_stylesheets (1.5ms)
Rendered layouts/_header (1.2ms)
Rendered layouts/_footer (0.6ms)
Completed in 13ms (View: 8, DB: 0) | 200 OK [http://localhost/]


Processing UsersController#new (for 127.0.0.1 at 2010-06-15 12:54:22) [GET]
  Parameters: {"action"=>"new", "controller"=>"users"}
Rendering template within layouts/application
Rendering users/new
Rendered layouts/_stylesheets (1.3ms)
Rendered layouts/_header (1.2ms)
Rendered layouts/_footer (0.5ms)
Completed in 41ms (View: 24, DB: 0) | 200 OK [http://localhost/signup]


Processing UsersController#create (for 127.0.0.1 at 2010-06-15 12:54:47) [POST]
  Parameters: {"commit"=>"Sign up", "action"=>"create", "authenticity_token"=>"nrVcJ/Cm+iL94s+QxLKQTchLVTcJmoQY/gNWMxNcqnI=", "controller"=>"users", "user"=>{"name"=>"John Smith", "password_confirmation"=>"[FILTERED]", "password"=>"[FILTERED]", "email"=>"john@smith.com"}}
  [4;36;1mUser Load (0.3ms)[0m   [0;1mSELECT "users".id FROM "users" WHERE (LOWER("users"."email") = 'john@smith.com') LIMIT 1[0m
  [4;35;1mUser Create (0.8ms)[0m   [0mINSERT INTO "users" ("name", "encrypted_password", "salt", "created_at", "updated_at", "email") VALUES('John Smith', 'de459724cc923b486b156223179899b8ba43dacb2a62714eaf44b1ce1fcd6623', '732f52bbaf9747636f87d27d98d6bf7f2d7f85aade84412c12dad61ece115183', '2010-06-15 19:54:47', '2010-06-15 19:54:47', 'john@smith.com')[0m
Redirected to http://localhost:3000/users/2
Completed in 33ms (DB: 1) | 302 Found [http://localhost/users]


Processing UsersController#show (for 127.0.0.1 at 2010-06-15 12:54:47) [GET]
  Parameters: {"action"=>"show", "id"=>"2", "controller"=>"users"}
  [4;36;1mUser Load (0.6ms)[0m   [0;1mSELECT * FROM "users" WHERE ("users"."id" = 2) [0m
Rendering template within layouts/application
Rendering users/show
Rendered layouts/_stylesheets (1.3ms)
Rendered layouts/_header (1.2ms)
Rendered layouts/_footer (0.4ms)
Completed in 31ms (View: 10, DB: 1) | 200 OK [http://localhost/users/2]


Processing UsersController#show (for 127.0.0.1 at 2010-06-15 12:54:56) [GET]
  Parameters: {"action"=>"show", "id"=>"2", "controller"=>"users"}
  [4;35;1mUser Load (0.6ms)[0m   [0mSELECT * FROM "users" WHERE ("users"."id" = 2) [0m
Rendering template within layouts/application
Rendering users/show
Rendered layouts/_stylesheets (1.3ms)
Rendered layouts/_header (1.2ms)
Rendered layouts/_footer (0.4ms)
Completed in 31ms (View: 10, DB: 1) | 200 OK [http://localhost/users/2]


Processing UsersController#show (for 127.0.0.1 at 2010-06-15 12:55:07) [GET]
  Parameters: {"action"=>"show", "id"=>"1", "controller"=>"users"}
  [4;36;1mUser Load (0.6ms)[0m   [0;1mSELECT * FROM "users" WHERE ("users"."id" = 1) [0m
Rendering template within layouts/application
Rendering users/show
Rendered layouts/_stylesheets (1.3ms)
Rendered layouts/_header (1.3ms)
Rendered layouts/_footer (0.4ms)
Completed in 31ms (View: 10, DB: 1) | 200 OK [http://localhost/users/1]


Processing UsersController#show (for 127.0.0.1 at 2010-06-15 12:55:10) [GET]
  Parameters: {"action"=>"show", "id"=>"2", "controller"=>"users"}
  [4;35;1mUser Load (0.6ms)[0m   [0mSELECT * FROM "users" WHERE ("users"."id" = 2) [0m
Rendering template within layouts/application
Rendering users/show
Rendered layouts/_stylesheets (1.4ms)
Rendered layouts/_header (1.2ms)
Rendered layouts/_footer (0.5ms)
Completed in 32ms (View: 10, DB: 1) | 200 OK [http://localhost/users/2]


Processing PagesController#home (for 127.0.0.1 at 2010-06-15 13:07:15) [GET]
  Parameters: {"action"=>"home", "controller"=>"pages"}
Rendering template within layouts/application
Rendering pages/home
Rendered layouts/_stylesheets (1.5ms)
Rendered layouts/_header (1.2ms)
Rendered layouts/_footer (0.4ms)
Completed in 12ms (View: 8, DB: 0) | 200 OK [http://localhost/]


Processing PagesController#contact (for 127.0.0.1 at 2010-06-15 13:14:28) [GET]
  Parameters: {"action"=>"contact", "controller"=>"pages"}
Rendering template within layouts/application
Rendering pages/contact
Rendered layouts/_stylesheets (1.3ms)
Rendered layouts/_header (1.2ms)
Rendered layouts/_footer (0.5ms)
Completed in 21ms (View: 17, DB: 0) | 200 OK [http://localhost/contact]


Processing PagesController#about (for 127.0.0.1 at 2010-06-15 13:14:31) [GET]
  Parameters: {"action"=>"about", "controller"=>"pages"}
Rendering template within layouts/application
Rendering pages/about
Rendered layouts/_stylesheets (1.4ms)
Rendered layouts/_header (1.2ms)
Rendered layouts/_footer (0.4ms)
Completed in 22ms (View: 17, DB: 0) | 200 OK [http://localhost/about]


Processing PagesController#about (for 127.0.0.1 at 2010-06-15 13:17:03) [GET]
  Parameters: {"action"=>"about", "controller"=>"pages"}
Rendering template within layouts/application
Rendering pages/about
Rendered layouts/_stylesheets (1.4ms)
Rendered layouts/_header (1.2ms)
Rendered layouts/_footer (0.4ms)
Completed in 12ms (View: 8, DB: 0) | 200 OK [http://localhost/about]


Processing PagesController#help (for 127.0.0.1 at 2010-06-15 13:17:07) [GET]
  Parameters: {"action"=>"help", "controller"=>"pages"}
Rendering template within layouts/application
Rendering pages/help
Rendered layouts/_stylesheets (1.4ms)
Rendered layouts/_header (1.3ms)
Rendered layouts/_footer (0.4ms)
Completed in 12ms (View: 8, DB: 0) | 200 OK [http://localhost/help]


Processing PagesController#home (for 127.0.0.1 at 2010-06-15 13:17:08) [GET]
  Parameters: {"action"=>"home", "controller"=>"pages"}
Rendering template within layouts/application
Rendering pages/home
Rendered layouts/_stylesheets (1.5ms)
Rendered layouts/_header (2.1ms)
Rendered layouts/_footer (0.5ms)
Completed in 14ms (View: 9, DB: 0) | 200 OK [http://localhost/]


Processing SessionsController#index (for 127.0.0.1 at 2010-06-15 13:17:34) [GET]
  Parameters: {"action"=>"index", "controller"=>"sessions"}

ActionController::UnknownAction (No action responded to index. Actions: create, destroy, and new):
  

Rendering rescues/layout (not_found)


Processing SessionsController#new (for 127.0.0.1 at 2010-06-15 13:17:46) [GET]
  Parameters: {"action"=>"new", "controller"=>"sessions"}
Rendering template within layouts/application
Rendering sessions/new
Rendered layouts/_stylesheets (1.4ms)
Rendered layouts/_header (1.2ms)
Rendered layouts/_footer (0.4ms)
Completed in 33ms (View: 29, DB: 0) | 200 OK [http://localhost/sessions/new]


Processing SessionsController#create (for 127.0.0.1 at 2010-06-15 13:26:43) [POST]
  Parameters: {"commit"=>"Sign in", "session"=>{"password"=>"[FILTERED]", "email"=>""}, "action"=>"create", "authenticity_token"=>"nrVcJ/Cm+iL94s+QxLKQTchLVTcJmoQY/gNWMxNcqnI=", "controller"=>"sessions"}
  [4;36;1mUser Load (0.5ms)[0m   [0;1mSELECT * FROM "users" WHERE ("users"."email" = '') LIMIT 1[0m
Rendering template within layouts/application
Rendering sessions/new
Rendered layouts/_stylesheets (1.3ms)
Rendered layouts/_header (1.2ms)
Rendered layouts/_footer (0.4ms)
Completed in 86ms (View: 30, DB: 0) | 200 OK [http://localhost/sessions]
  [4;36;1mSQL (1.1ms)[0m   [0;1m SELECT name
 FROM sqlite_master
 WHERE type = 'table' AND NOT name = 'sqlite_sequence'
[0m
  [4;35;1mSQL (0.6ms)[0m   [0mSELECT version FROM schema_migrations[0m
Migrating to CreateUsers (20100615054917)
Migrating to AddEmailUniquenessIndex (20100615082540)
Migrating to AddPasswordToUsers (20100615091448)
Migrating to AddSaltToUsers (20100615093018)
Migrating to AddRememberTokenToUsers (20100615203821)
  [4;36;1mSQL (0.3ms)[0m   [0;1mselect sqlite_version(*)[0m
  [4;35;1mSQL (2.0ms)[0m   [0mALTER TABLE "users" ADD "remember_token" varchar(255)[0m
  [4;36;1mSQL (0.5ms)[0m   [0;1mINSERT INTO schema_migrations (version) VALUES ('20100615203821')[0m
  [4;35;1mSQL (0.7ms)[0m   [0m SELECT name
 FROM sqlite_master
 WHERE type = 'table' AND NOT name = 'sqlite_sequence'
[0m
  [4;36;1mSQL (0.7ms)[0m   [0;1mSELECT version FROM schema_migrations[0m
  [4;35;1mSQL (0.5ms)[0m   [0m SELECT name
 FROM sqlite_master
 WHERE type = 'table' AND NOT name = 'sqlite_sequence'
[0m
  [4;36;1mSQL (0.4ms)[0m   [0;1mPRAGMA index_list("users")[0m
  [4;35;1mSQL (0.7ms)[0m   [0mPRAGMA index_info('index_users_on_email')[0m


Processing PagesController#home (for 127.0.0.1 at 2010-06-15 13:56:20) [GET]
  Parameters: {"action"=>"home", "controller"=>"pages"}
Rendering template within layouts/application
Rendering pages/home
Rendered layouts/_stylesheets (1.4ms)

ActionView::TemplateError (undefined local variable or method `current_user' for #<ActionView::Base:0x10406d830>) on line #6 of app/views/layouts/_header.html.erb:
3:   <%= link_to logo, root_path %>
4:   <ul class="navigation round">
5:     <li><%= link_to "Home", root_path %></li>
6: 	<% if signed_in? %>
7: 	<li><%= link_to "Profile", current_user %></li>
8: 	<% end %>
9:     <li><%= link_to "Help", help_path %></li>

    app/helpers/sessions_helper.rb:20:in `signed_in?'
    app/views/layouts/_header.html.erb:6
    app/views/layouts/application.html.erb:10

Rendered rescues/_trace (313.5ms)
Rendered rescues/_request_and_response (3.0ms)
Rendering rescues/layout (internal_server_error)


Processing PagesController#home (for 127.0.0.1 at 2010-06-15 13:56:25) [GET]
  Parameters: {"action"=>"home", "controller"=>"pages"}
Rendering template within layouts/application
Rendering pages/home
Rendered layouts/_stylesheets (1.4ms)

ActionView::TemplateError (undefined local variable or method `current_user' for #<ActionView::Base:0x1041646f8>) on line #6 of app/views/layouts/_header.html.erb:
3:   <%= link_to logo, root_path %>
4:   <ul class="navigation round">
5:     <li><%= link_to "Home", root_path %></li>
6: 	<% if signed_in? %>
7: 	<li><%= link_to "Profile", current_user %></li>
8: 	<% end %>
9:     <li><%= link_to "Help", help_path %></li>

    app/helpers/sessions_helper.rb:20:in `signed_in?'
    app/views/layouts/_header.html.erb:6
    app/views/layouts/application.html.erb:10

Rendered rescues/_trace (333.1ms)
Rendered rescues/_request_and_response (0.9ms)
Rendering rescues/layout (internal_server_error)


Processing PagesController#home (for 127.0.0.1 at 2010-06-15 13:56:54) [GET]
  Parameters: {"action"=>"home", "controller"=>"pages"}
Rendering template within layouts/application
Rendering pages/home
Rendered layouts/_stylesheets (2.7ms)

ActionView::TemplateError (undefined local variable or method `current_user' for #<ActionView::Base:0x104367f90>) on line #6 of app/views/layouts/_header.html.erb:
3:   <%= link_to logo, root_path %>
4:   <ul class="navigation round">
5:     <li><%= link_to "Home", root_path %></li>
6: 	<% if signed_in? %>
7: 	<li><%= link_to "Profile", current_user %></li>
8: 	<% end %>
9:     <li><%= link_to "Help", help_path %></li>

    app/helpers/sessions_helper.rb:20:in `signed_in?'
    app/views/layouts/_header.html.erb:6
    app/views/layouts/application.html.erb:10

Rendered rescues/_trace (301.0ms)
Rendered rescues/_request_and_response (3.1ms)
Rendering rescues/layout (internal_server_error)


Processing PagesController#about (for 127.0.0.1 at 2010-06-15 13:58:32) [GET]
  Parameters: {"action"=>"about", "controller"=>"pages"}
Rendering template within layouts/application
Rendering pages/about
Rendered layouts/_stylesheets (1.3ms)

ActionView::TemplateError (undefined local variable or method `current_user' for #<ActionView::Base:0x104407248>) on line #6 of app/views/layouts/_header.html.erb:
3:   <%= link_to logo, root_path %>
4:   <ul class="navigation round">
5:     <li><%= link_to "Home", root_path %></li>
6: 	<% if signed_in? %>
7: 	<li><%= link_to "Profile", current_user %></li>
8: 	<% end %>
9:     <li><%= link_to "Help", help_path %></li>

    app/helpers/sessions_helper.rb:20:in `signed_in?'
    app/views/layouts/_header.html.erb:6
    app/views/layouts/application.html.erb:10

Rendered rescues/_trace (137.4ms)
Rendered rescues/_request_and_response (0.6ms)
Rendering rescues/layout (internal_server_error)


Processing PagesController#about (for 127.0.0.1 at 2010-06-15 14:01:18) [GET]
  Parameters: {"action"=>"about", "controller"=>"pages"}
Rendering template within layouts/application
Rendering pages/about
Rendered layouts/_stylesheets (1.8ms)

ActionView::TemplateError (undefined local variable or method `current_user' for #<ActionView::Base:0x10410bf30>) on line #6 of app/views/layouts/_header.html.erb:
3:   <%= link_to logo, root_path %>
4:   <ul class="navigation round">
5:     <li><%= link_to "Home", root_path %></li>
6:     <% if signed_in? %>
7:     <li><%= link_to "Profile", current_user %></li>
8:     <% end %>
9:     <li><%= link_to "Help", help_path %></li>

    app/helpers/sessions_helper.rb:20:in `signed_in?'
    app/views/layouts/_header.html.erb:6
    app/views/layouts/application.html.erb:10

Rendered rescues/_trace (136.2ms)
Rendered rescues/_request_and_response (0.8ms)
Rendering rescues/layout (internal_server_error)


Processing PagesController#about (for 127.0.0.1 at 2010-06-15 14:01:20) [GET]
  Parameters: {"action"=>"about", "controller"=>"pages"}
Rendering template within layouts/application
Rendering pages/about
Rendered layouts/_stylesheets (1.4ms)

ActionView::TemplateError (undefined local variable or method `current_user' for #<ActionView::Base:0x1041e0410>) on line #6 of app/views/layouts/_header.html.erb:
3:   <%= link_to logo, root_path %>
4:   <ul class="navigation round">
5:     <li><%= link_to "Home", root_path %></li>
6:     <% if signed_in? %>
7:     <li><%= link_to "Profile", current_user %></li>
8:     <% end %>
9:     <li><%= link_to "Help", help_path %></li>

    app/helpers/sessions_helper.rb:20:in `signed_in?'
    app/views/layouts/_header.html.erb:6
    app/views/layouts/application.html.erb:10

Rendered rescues/_trace (299.2ms)
Rendered rescues/_request_and_response (0.6ms)
Rendering rescues/layout (internal_server_error)


Processing PagesController#about (for 127.0.0.1 at 2010-06-15 14:01:22) [GET]
  Parameters: {"action"=>"about", "controller"=>"pages"}
Rendering template within layouts/application
Rendering pages/about
Rendered layouts/_stylesheets (1.4ms)

ActionView::TemplateError (undefined local variable or method `current_user' for #<ActionView::Base:0x104336d28>) on line #6 of app/views/layouts/_header.html.erb:
3:   <%= link_to logo, root_path %>
4:   <ul class="navigation round">
5:     <li><%= link_to "Home", root_path %></li>
6:     <% if signed_in? %>
7:     <li><%= link_to "Profile", current_user %></li>
8:     <% end %>
9:     <li><%= link_to "Help", help_path %></li>

    app/helpers/sessions_helper.rb:20:in `signed_in?'
    app/views/layouts/_header.html.erb:6
    app/views/layouts/application.html.erb:10

Rendered rescues/_trace (134.8ms)
Rendered rescues/_request_and_response (0.8ms)
Rendering rescues/layout (internal_server_error)


Processing PagesController#about (for 127.0.0.1 at 2010-06-15 14:07:34) [GET]
  Parameters: {"action"=>"about", "controller"=>"pages"}
Rendering template within layouts/application
Rendering pages/about
Rendered layouts/_stylesheets (1.6ms)
Rendered layouts/_header (1.7ms)
Rendered layouts/_footer (1.7ms)
Completed in 23ms (View: 19, DB: 0) | 200 OK [http://localhost/about]


Processing PagesController#home (for 127.0.0.1 at 2010-06-15 14:07:37) [GET]
  Parameters: {"action"=>"home", "controller"=>"pages"}
Rendering template within layouts/application
Rendering pages/home
Rendered layouts/_stylesheets (1.3ms)
Rendered layouts/_header (1.4ms)
Rendered layouts/_footer (0.5ms)
Completed in 12ms (View: 8, DB: 0) | 200 OK [http://localhost/]


Processing SessionsController#new (for 127.0.0.1 at 2010-06-15 14:07:40) [GET]
  Parameters: {"action"=>"new", "controller"=>"sessions"}
Rendering template within layouts/application
Rendering sessions/new
Rendered layouts/_stylesheets (1.4ms)
Rendered layouts/_header (1.4ms)
Rendered layouts/_footer (0.4ms)
Completed in 36ms (View: 31, DB: 0) | 200 OK [http://localhost/signin]


Processing SessionsController#create (for 127.0.0.1 at 2010-06-15 14:07:59) [POST]
  Parameters: {"commit"=>"Sign in", "session"=>{"password"=>"[FILTERED]", "email"=>"john@smith.com"}, "action"=>"create", "authenticity_token"=>"nrVcJ/Cm+iL94s+QxLKQTchLVTcJmoQY/gNWMxNcqnI=", "controller"=>"sessions"}
  [4;36;1mUser Load (0.8ms)[0m   [0;1mSELECT * FROM "users" WHERE ("users"."email" = 'john@smith.com') LIMIT 1[0m
  [4;35;1mUser Update (2.5ms)[0m   [0mUPDATE "users" SET "updated_at" = '2010-06-15 21:07:59', "remember_token" = 'f91069591e2967d4d847eb04784e78f0cc4af160ca05a7a9cf3637e4c5e9515d' WHERE "id" = 2[0m

NoMethodError (undefined method `current_user=' for #<SessionsController:0x1042aa0d0>):
  app/helpers/sessions_helper.rb:7:in `sign_in'
  app/controllers/sessions_controller.rb:14:in `create'

Rendered rescues/_trace (244.6ms)
Rendered rescues/_request_and_response (0.9ms)
Rendering rescues/layout (internal_server_error)


Processing ApplicationController#index (for 127.0.0.1 at 2010-06-15 14:08:42) [GET]

ActionController::RoutingError (No route matches "/home" with {:method=>:get}):
  

Rendering rescues/layout (not_found)


Processing PagesController#home (for 127.0.0.1 at 2010-06-15 14:08:46) [GET]
  Parameters: {"action"=>"home", "controller"=>"pages"}
Rendering template within layouts/application
Rendering pages/home
Rendered layouts/_stylesheets (1.4ms)
  [4;36;1mUser Load (0.8ms)[0m   [0;1mSELECT * FROM "users" WHERE ("users"."remember_token" = 'f91069591e2967d4d847eb04784e78f0cc4af160ca05a7a9cf3637e4c5e9515d') LIMIT 1[0m
Rendered layouts/_header (24.5ms)
Rendered layouts/_footer (0.5ms)
Completed in 35ms (View: 30, DB: 1) | 200 OK [http://localhost/]


Processing PagesController#home (for 127.0.0.1 at 2010-06-15 14:08:47) [GET]
  Parameters: {"action"=>"home", "controller"=>"pages"}
Rendering template within layouts/application
Rendering pages/home
Rendered layouts/_stylesheets (1.3ms)
  [4;35;1mUser Load (0.7ms)[0m   [0mSELECT * FROM "users" WHERE ("users"."remember_token" = 'f91069591e2967d4d847eb04784e78f0cc4af160ca05a7a9cf3637e4c5e9515d') LIMIT 1[0m
Rendered layouts/_header (25.3ms)
Rendered layouts/_footer (0.5ms)
Completed in 36ms (View: 31, DB: 1) | 200 OK [http://localhost/]


Processing UsersController#show (for 127.0.0.1 at 2010-06-15 14:08:49) [GET]
  Parameters: {"action"=>"show", "id"=>"2", "controller"=>"users"}
  [4;36;1mUser Load (0.6ms)[0m   [0;1mSELECT * FROM "users" WHERE ("users"."id" = 2) [0m
Rendering template within layouts/application
Rendering users/show
Rendered layouts/_stylesheets (1.4ms)
  [4;35;1mUser Load (0.8ms)[0m   [0mSELECT * FROM "users" WHERE ("users"."remember_token" = 'f91069591e2967d4d847eb04784e78f0cc4af160ca05a7a9cf3637e4c5e9515d') LIMIT 1[0m
Rendered layouts/_header (10.1ms)
Rendered layouts/_footer (0.5ms)
Completed in 52ms (View: 28, DB: 1) | 200 OK [http://localhost/users/2]


Processing PagesController#help (for 127.0.0.1 at 2010-06-15 14:08:55) [GET]
  Parameters: {"action"=>"help", "controller"=>"pages"}
Rendering template within layouts/application
Rendering pages/help
Rendered layouts/_stylesheets (1.3ms)
  [4;36;1mUser Load (0.7ms)[0m   [0;1mSELECT * FROM "users" WHERE ("users"."remember_token" = 'f91069591e2967d4d847eb04784e78f0cc4af160ca05a7a9cf3637e4c5e9515d') LIMIT 1[0m
Rendered layouts/_header (24.2ms)
Rendered layouts/_footer (0.5ms)
Completed in 44ms (View: 39, DB: 1) | 200 OK [http://localhost/help]


Processing UsersController#show (for 127.0.0.1 at 2010-06-15 14:08:56) [GET]
  Parameters: {"action"=>"show", "id"=>"2", "controller"=>"users"}
  [4;35;1mUser Load (0.8ms)[0m   [0mSELECT * FROM "users" WHERE ("users"."id" = 2) [0m
Rendering template within layouts/application
Rendering users/show
Rendered layouts/_stylesheets (1.3ms)
  [4;36;1mUser Load (0.8ms)[0m   [0;1mSELECT * FROM "users" WHERE ("users"."remember_token" = 'f91069591e2967d4d847eb04784e78f0cc4af160ca05a7a9cf3637e4c5e9515d') LIMIT 1[0m
Rendered layouts/_header (10.3ms)
Rendered layouts/_footer (0.6ms)
Completed in 45ms (View: 18, DB: 2) | 200 OK [http://localhost/users/2]


Processing PagesController#home (for 127.0.0.1 at 2010-06-15 14:08:57) [GET]
  Parameters: {"action"=>"home", "controller"=>"pages"}
Rendering template within layouts/application
Rendering pages/home
Rendered layouts/_stylesheets (1.4ms)
  [4;35;1mUser Load (0.7ms)[0m   [0mSELECT * FROM "users" WHERE ("users"."remember_token" = 'f91069591e2967d4d847eb04784e78f0cc4af160ca05a7a9cf3637e4c5e9515d') LIMIT 1[0m
Rendered layouts/_header (24.4ms)
Rendered layouts/_footer (0.5ms)
Completed in 36ms (View: 31, DB: 1) | 200 OK [http://localhost/]


Processing UsersController#show (for 127.0.0.1 at 2010-06-15 14:09:01) [GET]
  Parameters: {"action"=>"show", "id"=>"2", "controller"=>"users"}
  [4;36;1mUser Load (0.6ms)[0m   [0;1mSELECT * FROM "users" WHERE ("users"."id" = 2) [0m
Rendering template within layouts/application
Rendering users/show
Rendered layouts/_stylesheets (1.3ms)
  [4;35;1mUser Load (0.8ms)[0m   [0mSELECT * FROM "users" WHERE ("users"."remember_token" = 'f91069591e2967d4d847eb04784e78f0cc4af160ca05a7a9cf3637e4c5e9515d') LIMIT 1[0m
Rendered layouts/_header (9.8ms)
Rendered layouts/_footer (0.5ms)
Completed in 41ms (View: 18, DB: 1) | 200 OK [http://localhost/users/2]


Processing PagesController#home (for 127.0.0.1 at 2010-06-15 14:09:02) [GET]
  Parameters: {"action"=>"home", "controller"=>"pages"}
Rendering template within layouts/application
Rendering pages/home
Rendered layouts/_stylesheets (1.3ms)
  [4;36;1mUser Load (0.8ms)[0m   [0;1mSELECT * FROM "users" WHERE ("users"."remember_token" = 'f91069591e2967d4d847eb04784e78f0cc4af160ca05a7a9cf3637e4c5e9515d') LIMIT 1[0m
Rendered layouts/_header (24.3ms)
Rendered layouts/_footer (0.6ms)
Completed in 35ms (View: 30, DB: 1) | 200 OK [http://localhost/]


Processing PagesController#about (for 127.0.0.1 at 2010-06-15 14:09:04) [GET]
  Parameters: {"action"=>"about", "controller"=>"pages"}
Rendering template within layouts/application
Rendering pages/about
Rendered layouts/_stylesheets (1.3ms)
  [4;35;1mUser Load (0.6ms)[0m   [0mSELECT * FROM "users" WHERE ("users"."remember_token" = 'f91069591e2967d4d847eb04784e78f0cc4af160ca05a7a9cf3637e4c5e9515d') LIMIT 1[0m
Rendered layouts/_header (24.2ms)
Rendered layouts/_footer (0.5ms)
Completed in 35ms (View: 30, DB: 1) | 200 OK [http://localhost/about]


Processing PagesController#contact (for 127.0.0.1 at 2010-06-15 14:09:06) [GET]
  Parameters: {"action"=>"contact", "controller"=>"pages"}
Rendering template within layouts/application
Rendering pages/contact
Rendered layouts/_stylesheets (1.3ms)
  [4;36;1mUser Load (0.7ms)[0m   [0;1mSELECT * FROM "users" WHERE ("users"."remember_token" = 'f91069591e2967d4d847eb04784e78f0cc4af160ca05a7a9cf3637e4c5e9515d') LIMIT 1[0m
Rendered layouts/_header (181.7ms)
Rendered layouts/_footer (0.5ms)
Completed in 201ms (View: 196, DB: 1) | 200 OK [http://localhost/contact]


Processing PagesController#home (for 127.0.0.1 at 2010-06-15 14:09:08) [GET]
  Parameters: {"action"=>"home", "controller"=>"pages"}
Rendering template within layouts/application
Rendering pages/home
Rendered layouts/_stylesheets (1.3ms)
  [4;35;1mUser Load (0.8ms)[0m   [0mSELECT * FROM "users" WHERE ("users"."remember_token" = 'f91069591e2967d4d847eb04784e78f0cc4af160ca05a7a9cf3637e4c5e9515d') LIMIT 1[0m
Rendered layouts/_header (25.2ms)
Rendered layouts/_footer (0.5ms)
Completed in 36ms (View: 31, DB: 1) | 200 OK [http://localhost/]


Processing UsersController#new (for 127.0.0.1 at 2010-06-15 14:09:12) [GET]
  Parameters: {"action"=>"new", "controller"=>"users"}
Rendering template within layouts/application
Rendering users/new
Rendered layouts/_stylesheets (1.3ms)
  [4;36;1mUser Load (0.8ms)[0m   [0;1mSELECT * FROM "users" WHERE ("users"."remember_token" = 'f91069591e2967d4d847eb04784e78f0cc4af160ca05a7a9cf3637e4c5e9515d') LIMIT 1[0m
Rendered layouts/_header (9.2ms)
Rendered layouts/_footer (0.5ms)
Completed in 61ms (View: 42, DB: 1) | 200 OK [http://localhost/signup]


Processing UsersController#show (for 127.0.0.1 at 2010-06-15 14:09:16) [GET]
  Parameters: {"action"=>"show", "id"=>"2", "controller"=>"users"}
  [4;35;1mUser Load (0.6ms)[0m   [0mSELECT * FROM "users" WHERE ("users"."id" = 2) [0m
Rendering template within layouts/application
Rendering users/show
Rendered layouts/_stylesheets (1.3ms)
  [4;36;1mUser Load (0.8ms)[0m   [0;1mSELECT * FROM "users" WHERE ("users"."remember_token" = 'f91069591e2967d4d847eb04784e78f0cc4af160ca05a7a9cf3637e4c5e9515d') LIMIT 1[0m
Rendered layouts/_header (9.6ms)
Rendered layouts/_footer (0.5ms)
Completed in 39ms (View: 17, DB: 1) | 200 OK [http://localhost/users/2]


Processing SessionsController#destroy (for 127.0.0.1 at 2010-06-15 14:09:17) [DELETE]
  Parameters: {"action"=>"destroy", "_method"=>"delete", "authenticity_token"=>"nrVcJ/Cm+iL94s+QxLKQTchLVTcJmoQY/gNWMxNcqnI=", "controller"=>"sessions"}

NoMethodError (undefined method `current_user=' for #<SessionsController:0x1041b8320>):
  app/helpers/sessions_helper.rb:25:in `sign_out'
  app/controllers/sessions_controller.rb:20:in `destroy'

Rendered rescues/_trace (257.7ms)
Rendered rescues/_request_and_response (0.8ms)
Rendering rescues/layout (internal_server_error)
/!\ FAILSAFE /!\  Tue Jun 15 14:13:45 -0700 2010
  Status: 500 Internal Server Error
  /Users/Blake/Programing/rails_projects/microblogger/app/helpers/sessions_helper.rb:30: syntax error, unexpected $end, expecting kEND
    /Library/Ruby/Gems/1.8/gems/activesupport-2.3.8/lib/active_support/dependencies.rb:380:in `load_without_new_constant_marking'
    /Library/Ruby/Gems/1.8/gems/activesupport-2.3.8/lib/active_support/dependencies.rb:380:in `load_file'
    /Library/Ruby/Gems/1.8/gems/activesupport-2.3.8/lib/active_support/dependencies.rb:521:in `new_constants_in'
    /Library/Ruby/Gems/1.8/gems/activesupport-2.3.8/lib/active_support/dependencies.rb:379:in `load_file'
    /Library/Ruby/Gems/1.8/gems/activesupport-2.3.8/lib/active_support/dependencies.rb:259:in `require_or_load'
    /Library/Ruby/Gems/1.8/gems/activesupport-2.3.8/lib/active_support/dependencies.rb:224:in `depend_on'
    /Library/Ruby/Gems/1.8/gems/activesupport-2.3.8/lib/active_support/dependencies.rb:136:in `require_dependency'
    /Library/Ruby/Gems/1.8/gems/actionpack-2.3.8/lib/action_controller/helpers.rb:126:in `helper'
    /Library/Ruby/Gems/1.8/gems/actionpack-2.3.8/lib/action_controller/helpers.rb:115:in `each'
    /Library/Ruby/Gems/1.8/gems/actionpack-2.3.8/lib/action_controller/helpers.rb:115:in `helper'
    /Library/Ruby/Gems/1.8/gems/actionpack-2.3.8/lib/action_controller/helpers.rb:120:in `helper'
    /Library/Ruby/Gems/1.8/gems/actionpack-2.3.8/lib/action_controller/helpers.rb:115:in `each'
    /Library/Ruby/Gems/1.8/gems/actionpack-2.3.8/lib/action_controller/helpers.rb:115:in `helper'
    /Users/Blake/Programing/rails_projects/microblogger/app/controllers/application_controller.rb:5
    /Library/Ruby/Gems/1.8/gems/activesupport-2.3.8/lib/active_support/dependencies.rb:380:in `load_without_new_constant_marking'
    /Library/Ruby/Gems/1.8/gems/activesupport-2.3.8/lib/active_support/dependencies.rb:380:in `load_file'
    /Library/Ruby/Gems/1.8/gems/activesupport-2.3.8/lib/active_support/dependencies.rb:521:in `new_constants_in'
    /Library/Ruby/Gems/1.8/gems/activesupport-2.3.8/lib/active_support/dependencies.rb:379:in `load_file'
    /Library/Ruby/Gems/1.8/gems/activesupport-2.3.8/lib/active_support/dependencies.rb:259:in `require_or_load'
    /Library/Ruby/Gems/1.8/gems/activesupport-2.3.8/lib/active_support/dependencies.rb:425:in `load_missing_constant'
    /Library/Ruby/Gems/1.8/gems/activesupport-2.3.8/lib/active_support/dependencies.rb:80:in `const_missing'
    /Library/Ruby/Gems/1.8/gems/activesupport-2.3.8/lib/active_support/dependencies.rb:92:in `const_missing'
    /Library/Ruby/Gems/1.8/gems/actionpack-2.3.8/lib/action_controller/dispatcher.rb:89:in `dispatch'
    /Library/Ruby/Gems/1.8/gems/actionpack-2.3.8/lib/action_controller/dispatcher.rb:121:in `_call'
    /Library/Ruby/Gems/1.8/gems/actionpack-2.3.8/lib/action_controller/dispatcher.rb:130:in `build_middleware_stack'
    /Library/Ruby/Gems/1.8/gems/activerecord-2.3.8/lib/active_record/query_cache.rb:29:in `call'
    /Library/Ruby/Gems/1.8/gems/activerecord-2.3.8/lib/active_record/query_cache.rb:29:in `call'
    /Library/Ruby/Gems/1.8/gems/activerecord-2.3.8/lib/active_record/connection_adapters/abstract/query_cache.rb:34:in `cache'
    /Library/Ruby/Gems/1.8/gems/activerecord-2.3.8/lib/active_record/query_cache.rb:9:in `cache'
    /Library/Ruby/Gems/1.8/gems/activerecord-2.3.8/lib/active_record/query_cache.rb:28:in `call'
    /Library/Ruby/Gems/1.8/gems/activerecord-2.3.8/lib/active_record/connection_adapters/abstract/connection_pool.rb:361:in `call'
    /Library/Ruby/Gems/1.8/gems/actionpack-2.3.8/lib/action_controller/string_coercion.rb:25:in `call'
    /Library/Ruby/Gems/1.8/gems/rack-1.1.0/lib/rack/head.rb:9:in `call'
    /Library/Ruby/Gems/1.8/gems/rack-1.1.0/lib/rack/methodoverride.rb:24:in `call'
    /Library/Ruby/Gems/1.8/gems/actionpack-2.3.8/lib/action_controller/params_parser.rb:15:in `call'
    /Library/Ruby/Gems/1.8/gems/actionpack-2.3.8/lib/action_controller/session/cookie_store.rb:99:in `call'
    /Library/Ruby/Gems/1.8/gems/actionpack-2.3.8/lib/action_controller/failsafe.rb:26:in `call'
    /Library/Ruby/Gems/1.8/gems/rack-1.1.0/lib/rack/lock.rb:11:in `call'
    /Library/Ruby/Gems/1.8/gems/rack-1.1.0/lib/rack/lock.rb:11:in `synchronize'
    /Library/Ruby/Gems/1.8/gems/rack-1.1.0/lib/rack/lock.rb:11:in `call'
    /Library/Ruby/Gems/1.8/gems/actionpack-2.3.8/lib/action_controller/dispatcher.rb:114:in `call'
    /Library/Ruby/Gems/1.8/gems/actionpack-2.3.8/lib/action_controller/reloader.rb:34:in `run'
    /Library/Ruby/Gems/1.8/gems/actionpack-2.3.8/lib/action_controller/dispatcher.rb:108:in `call'
    /Library/Ruby/Gems/1.8/gems/rails-2.3.8/lib/rails/rack/static.rb:31:in `call'
    /Library/Ruby/Gems/1.8/gems/rack-1.1.0/lib/rack/urlmap.rb:47:in `call'
    /Library/Ruby/Gems/1.8/gems/rack-1.1.0/lib/rack/urlmap.rb:41:in `each'
    /Library/Ruby/Gems/1.8/gems/rack-1.1.0/lib/rack/urlmap.rb:41:in `call'
    /Library/Ruby/Gems/1.8/gems/rails-2.3.8/lib/rails/rack/log_tailer.rb:17:in `call'
    /Library/Ruby/Gems/1.8/gems/rack-1.1.0/lib/rack/content_length.rb:13:in `call'
    /Library/Ruby/Gems/1.8/gems/rack-1.1.0/lib/rack/chunked.rb:15:in `call'
    /Library/Ruby/Gems/1.8/gems/rack-1.1.0/lib/rack/handler/mongrel.rb:67:in `process'
    /System/Library/Frameworks/Ruby.framework/Versions/1.8/usr/lib/ruby/gems/1.8/gems/mongrel-1.1.5/lib/mongrel.rb:159:in `process_client'
    /System/Library/Frameworks/Ruby.framework/Versions/1.8/usr/lib/ruby/gems/1.8/gems/mongrel-1.1.5/lib/mongrel.rb:158:in `each'
    /System/Library/Frameworks/Ruby.framework/Versions/1.8/usr/lib/ruby/gems/1.8/gems/mongrel-1.1.5/lib/mongrel.rb:158:in `process_client'
    /System/Library/Frameworks/Ruby.framework/Versions/1.8/usr/lib/ruby/gems/1.8/gems/mongrel-1.1.5/lib/mongrel.rb:285:in `run'
    /System/Library/Frameworks/Ruby.framework/Versions/1.8/usr/lib/ruby/gems/1.8/gems/mongrel-1.1.5/lib/mongrel.rb:285:in `initialize'
    /System/Library/Frameworks/Ruby.framework/Versions/1.8/usr/lib/ruby/gems/1.8/gems/mongrel-1.1.5/lib/mongrel.rb:285:in `new'
    /System/Library/Frameworks/Ruby.framework/Versions/1.8/usr/lib/ruby/gems/1.8/gems/mongrel-1.1.5/lib/mongrel.rb:285:in `run'
    /System/Library/Frameworks/Ruby.framework/Versions/1.8/usr/lib/ruby/gems/1.8/gems/mongrel-1.1.5/lib/mongrel.rb:268:in `initialize'
    /System/Library/Frameworks/Ruby.framework/Versions/1.8/usr/lib/ruby/gems/1.8/gems/mongrel-1.1.5/lib/mongrel.rb:268:in `new'
    /System/Library/Frameworks/Ruby.framework/Versions/1.8/usr/lib/ruby/gems/1.8/gems/mongrel-1.1.5/lib/mongrel.rb:268:in `run'
    /Library/Ruby/Gems/1.8/gems/rack-1.1.0/lib/rack/handler/mongrel.rb:38:in `run'
    /Library/Ruby/Gems/1.8/gems/rails-2.3.8/lib/commands/server.rb:111
    /Library/Ruby/Site/1.8/rubygems/custom_require.rb:31:in `gem_original_require'
    /Library/Ruby/Site/1.8/rubygems/custom_require.rb:31:in `require'
    script/server:3


Processing PagesController#home (for 127.0.0.1 at 2010-06-15 14:14:06) [GET]
  Parameters: {"action"=>"home", "controller"=>"pages"}
Rendering template within layouts/application
Rendering pages/home
Rendered layouts/_stylesheets (1.4ms)
Rendered layouts/_header (1.4ms)
Rendered layouts/_footer (0.4ms)
Completed in 13ms (View: 9, DB: 0) | 200 OK [http://localhost/]


Processing SessionsController#new (for 127.0.0.1 at 2010-06-15 14:14:09) [GET]
  Parameters: {"action"=>"new", "controller"=>"sessions"}
Rendering template within layouts/application
Rendering sessions/new
Rendered layouts/_stylesheets (1.3ms)
Rendered layouts/_header (1.3ms)
Rendered layouts/_footer (0.4ms)
Completed in 22ms (View: 18, DB: 0) | 200 OK [http://localhost/signin]


Processing SessionsController#create (for 127.0.0.1 at 2010-06-15 14:14:38) [POST]
  Parameters: {"commit"=>"Sign in", "session"=>{"password"=>"[FILTERED]", "email"=>"john@smith.com"}, "action"=>"create", "authenticity_token"=>"nrVcJ/Cm+iL94s+QxLKQTchLVTcJmoQY/gNWMxNcqnI=", "controller"=>"sessions"}
  [4;35;1mUser Load (0.8ms)[0m   [0mSELECT * FROM "users" WHERE ("users"."email" = 'john@smith.com') LIMIT 1[0m
Rendering template within layouts/application
Rendering sessions/new
Rendered layouts/_stylesheets (1.3ms)
Rendered layouts/_header (1.4ms)
Rendered layouts/_footer (1.0ms)
Completed in 44ms (View: 18, DB: 1) | 200 OK [http://localhost/sessions]


Processing SessionsController#create (for 127.0.0.1 at 2010-06-15 14:15:05) [POST]
  Parameters: {"commit"=>"Sign in", "session"=>{"password"=>"[FILTERED]", "email"=>"john@smith.com"}, "action"=>"create", "authenticity_token"=>"nrVcJ/Cm+iL94s+QxLKQTchLVTcJmoQY/gNWMxNcqnI=", "controller"=>"sessions"}
  [4;36;1mUser Load (0.7ms)[0m   [0;1mSELECT * FROM "users" WHERE ("users"."email" = 'john@smith.com') LIMIT 1[0m
  [4;35;1mUser Update (2.8ms)[0m   [0mUPDATE "users" SET "updated_at" = '2010-06-15 21:15:05', "remember_token" = 'dd8b6f490529dca8eb041124318a526f1439b198cd444fcf37c38fac783d8227' WHERE "id" = 2[0m

NoMethodError (undefined method `current_user=' for #<SessionsController:0x1041db000>):
  app/helpers/sessions_helper.rb:7:in `sign_in'
  app/controllers/sessions_controller.rb:14:in `create'

Rendered rescues/_trace (250.8ms)
Rendered rescues/_request_and_response (0.9ms)
Rendering rescues/layout (internal_server_error)


Processing ApplicationController#index (for 127.0.0.1 at 2010-06-15 14:15:13) [GET]

ActionController::RoutingError (No route matches "/s" with {:method=>:get}):
  

Rendering rescues/layout (not_found)


Processing PagesController#home (for 127.0.0.1 at 2010-06-15 14:15:16) [GET]
  Parameters: {"action"=>"home", "controller"=>"pages"}
Rendering template within layouts/application
Rendering pages/home
Rendered layouts/_stylesheets (1.3ms)
  [4;36;1mUser Load (0.7ms)[0m   [0;1mSELECT * FROM "users" WHERE ("users"."remember_token" = 'dd8b6f490529dca8eb041124318a526f1439b198cd444fcf37c38fac783d8227') LIMIT 1[0m
Rendered layouts/_header (24.3ms)
Rendered layouts/_footer (0.5ms)
Completed in 35ms (View: 30, DB: 1) | 200 OK [http://localhost/]


Processing UsersController#show (for 127.0.0.1 at 2010-06-15 14:15:20) [GET]
  Parameters: {"action"=>"show", "id"=>"2", "controller"=>"users"}
  [4;35;1mUser Load (0.6ms)[0m   [0mSELECT * FROM "users" WHERE ("users"."id" = 2) [0m
Rendering template within layouts/application
Rendering users/show
Rendered layouts/_stylesheets (1.5ms)
  [4;36;1mUser Load (0.8ms)[0m   [0;1mSELECT * FROM "users" WHERE ("users"."remember_token" = 'dd8b6f490529dca8eb041124318a526f1439b198cd444fcf37c38fac783d8227') LIMIT 1[0m
Rendered layouts/_header (9.8ms)
Rendered layouts/_footer (0.5ms)
Completed in 40ms (View: 17, DB: 1) | 200 OK [http://localhost/users/2]


Processing SessionsController#destroy (for 127.0.0.1 at 2010-06-15 14:19:23) [DELETE]
  Parameters: {"action"=>"destroy", "_method"=>"delete", "authenticity_token"=>"nrVcJ/Cm+iL94s+QxLKQTchLVTcJmoQY/gNWMxNcqnI=", "controller"=>"sessions"}

NoMethodError (undefined method `current_user=' for #<SessionsController:0x104234470>):
  app/helpers/sessions_helper.rb:25:in `sign_out'
  app/controllers/sessions_controller.rb:20:in `destroy'

Rendered rescues/_trace (88.6ms)
Rendered rescues/_request_and_response (0.8ms)
Rendering rescues/layout (internal_server_error)


Processing ApplicationController#index (for 127.0.0.1 at 2010-06-15 14:21:28) [GET]

ActionController::RoutingError (No route matches "/s" with {:method=>:get}):
  

Rendering rescues/layout (not_found)


Processing PagesController#home (for 127.0.0.1 at 2010-06-15 14:21:30) [GET]
  Parameters: {"action"=>"home", "controller"=>"pages"}
Rendering template within layouts/application
Rendering pages/home
Rendered layouts/_stylesheets (1.4ms)
Rendered layouts/_header (1.5ms)
Rendered layouts/_footer (0.4ms)
Completed in 13ms (View: 8, DB: 0) | 200 OK [http://localhost/]


Processing PagesController#home (for 127.0.0.1 at 2010-06-15 14:29:59) [GET]
  Parameters: {"action"=>"home", "controller"=>"pages"}
Rendering template within layouts/application
Rendering pages/home
Rendered layouts/_stylesheets (1.3ms)
Rendered layouts/_header (1.5ms)
Rendered layouts/_footer (3.6ms)
Completed in 18ms (View: 12, DB: 0) | 200 OK [http://localhost/]


Processing PagesController#about (for 127.0.0.1 at 2010-06-15 15:39:16) [GET]
  Parameters: {"action"=>"about", "controller"=>"pages"}
Rendering template within layouts/application
Rendering pages/about
Rendered layouts/_stylesheets (1.4ms)
Rendered layouts/_header (1.8ms)
Rendered layouts/_footer (0.4ms)
Completed in 13ms (View: 8, DB: 0) | 200 OK [http://localhost/about]


Processing ApplicationController#index (for 127.0.0.1 at 2010-06-15 15:39:22) [GET]

ActionController::RoutingError (No route matches "/about/users/1" with {:method=>:get}):
  

Rendering rescues/layout (not_found)


Processing ApplicationController#index (for 127.0.0.1 at 2010-06-15 15:39:27) [GET]

ActionController::RoutingError (No route matches "/about/user/1" with {:method=>:get}):
  

Rendering rescues/layout (not_found)


Processing ApplicationController#index (for 127.0.0.1 at 2010-06-15 15:39:32) [GET]

ActionController::RoutingError (No route matches "/about/users/1" with {:method=>:get}):
  

Rendering rescues/layout (not_found)


Processing ApplicationController#index (for 127.0.0.1 at 2010-06-15 15:39:34) [GET]

ActionController::RoutingError (No route matches "/about/users/2" with {:method=>:get}):
  

Rendering rescues/layout (not_found)


Processing PagesController#about (for 127.0.0.1 at 2010-06-15 15:39:39) [GET]
  Parameters: {"action"=>"about", "controller"=>"pages"}
Rendering template within layouts/application
Rendering pages/about
Rendered layouts/_stylesheets (1.3ms)
Rendered layouts/_header (1.5ms)
Rendered layouts/_footer (0.4ms)
Completed in 12ms (View: 8, DB: 0) | 200 OK [http://localhost/about/]


Processing UsersController#show (for 127.0.0.1 at 2010-06-15 15:39:49) [GET]
  Parameters: {"action"=>"show", "id"=>"1", "controller"=>"users"}
  [4;35;1mUser Load (0.8ms)[0m   [0mSELECT * FROM "users" WHERE ("users"."id" = 1) [0m
Rendering template within layouts/application
Rendering users/show
Rendered layouts/_stylesheets (1.4ms)
Rendered layouts/_header (1.5ms)
Rendered layouts/_footer (0.4ms)
Completed in 185ms (View: 163, DB: 1) | 200 OK [http://localhost/users/1]


Processing UsersController#show (for 127.0.0.1 at 2010-06-15 15:39:53) [GET]
  Parameters: {"action"=>"show", "id"=>"2", "controller"=>"users"}
  [4;36;1mUser Load (0.6ms)[0m   [0;1mSELECT * FROM "users" WHERE ("users"."id" = 2) [0m
Rendering template within layouts/application
Rendering users/show
Rendered layouts/_stylesheets (1.3ms)
Rendered layouts/_header (1.5ms)
Rendered layouts/_footer (0.5ms)
Completed in 31ms (View: 10, DB: 1) | 200 OK [http://localhost/users/2]


Processing PagesController#home (for 127.0.0.1 at 2010-06-15 16:41:37) [GET]
  Parameters: {"action"=>"home", "controller"=>"pages"}
Rendering template within layouts/application
Rendering pages/home
Rendered layouts/_stylesheets (1.3ms)
Rendered layouts/_header (1.5ms)
Rendered layouts/_footer (0.4ms)
Completed in 12ms (View: 8, DB: 0) | 200 OK [http://localhost/]


Processing SessionsController#new (for 127.0.0.1 at 2010-06-15 16:44:00) [GET]
  Parameters: {"action"=>"new", "controller"=>"sessions"}
Rendering template within layouts/application
Rendering sessions/new
Rendered layouts/_stylesheets (1.4ms)
Rendered layouts/_header (1.3ms)
Rendered layouts/_footer (0.4ms)
Completed in 22ms (View: 18, DB: 0) | 200 OK [http://localhost/signin]


Processing PagesController#home (for 127.0.0.1 at 2010-06-15 16:44:02) [GET]
  Parameters: {"action"=>"home", "controller"=>"pages"}
Rendering template within layouts/application
Rendering pages/home
Rendered layouts/_stylesheets (1.4ms)
Rendered layouts/_header (1.5ms)
Rendered layouts/_footer (0.4ms)
Completed in 13ms (View: 9, DB: 0) | 200 OK [http://localhost/]


Processing PagesController#contact (for 127.0.0.1 at 2010-06-15 16:46:31) [GET]
  Parameters: {"action"=>"contact", "controller"=>"pages"}
Rendering template within layouts/application
Rendering pages/contact
Rendered layouts/_stylesheets (1.4ms)
Rendered layouts/_header (1.7ms)
Rendered layouts/_footer (0.5ms)
Completed in 12ms (View: 8, DB: 0) | 200 OK [http://localhost/contact]


Processing PagesController#about (for 127.0.0.1 at 2010-06-15 16:46:36) [GET]
  Parameters: {"action"=>"about", "controller"=>"pages"}
Rendering template within layouts/application
Rendering pages/about
Rendered layouts/_stylesheets (1.3ms)
Rendered layouts/_header (1.5ms)
Rendered layouts/_footer (0.5ms)
Completed in 12ms (View: 8, DB: 0) | 200 OK [http://localhost/about]


Processing UsersController#new (for 127.0.0.1 at 2010-06-15 17:23:28) [GET]
  Parameters: {"action"=>"new", "controller"=>"users"}
Rendering template within layouts/application
Rendering users/new
Rendered layouts/_stylesheets (1.3ms)
Rendered layouts/_header (1.3ms)
Rendered layouts/_footer (0.4ms)
Completed in 41ms (View: 24, DB: 0) | 200 OK [http://localhost/signup]


Processing UsersController#create (for 127.0.0.1 at 2010-06-15 17:23:30) [POST]
  Parameters: {"commit"=>"Sign up", "action"=>"create", "authenticity_token"=>"nrVcJ/Cm+iL94s+QxLKQTchLVTcJmoQY/gNWMxNcqnI=", "controller"=>"users", "user"=>{"name"=>"", "password_confirmation"=>"[FILTERED]", "password"=>"[FILTERED]", "email"=>""}}
  [4;35;1mUser Load (0.4ms)[0m   [0mSELECT "users".id FROM "users" WHERE (LOWER("users"."email") = '') LIMIT 1[0m
Rendering template within layouts/application
Rendering users/new
Rendered layouts/_stylesheets (1.3ms)
Rendered layouts/_header (1.5ms)
Rendered layouts/_footer (0.4ms)
Completed in 80ms (View: 53, DB: 0) | 200 OK [http://localhost/users]


Processing PagesController#home (for 127.0.0.1 at 2010-06-15 17:23:37) [GET]
  Parameters: {"action"=>"home", "controller"=>"pages"}
Rendering template within layouts/application
Rendering pages/home
Rendered layouts/_stylesheets (1.3ms)
Rendered layouts/_header (1.4ms)
Rendered layouts/_footer (0.4ms)
Completed in 12ms (View: 8, DB: 0) | 200 OK [http://localhost/]


Processing PagesController#help (for 127.0.0.1 at 2010-06-15 17:23:38) [GET]
  Parameters: {"action"=>"help", "controller"=>"pages"}
Rendering template within layouts/application
Rendering pages/help
Rendered layouts/_stylesheets (1.4ms)
Rendered layouts/_header (1.6ms)
Rendered layouts/_footer (0.4ms)
Completed in 12ms (View: 8, DB: 0) | 200 OK [http://localhost/help]


Processing PagesController#about (for 127.0.0.1 at 2010-06-15 17:23:42) [GET]
  Parameters: {"action"=>"about", "controller"=>"pages"}
Rendering template within layouts/application
Rendering pages/about
Rendered layouts/_stylesheets (1.3ms)
Rendered layouts/_header (1.5ms)
Rendered layouts/_footer (0.4ms)
Completed in 12ms (View: 8, DB: 0) | 200 OK [http://localhost/about]


Processing PagesController#contact (for 127.0.0.1 at 2010-06-15 17:23:45) [GET]
  Parameters: {"action"=>"contact", "controller"=>"pages"}
Rendering template within layouts/application
Rendering pages/contact
Rendered layouts/_stylesheets (1.3ms)
Rendered layouts/_header (1.6ms)
Rendered layouts/_footer (0.4ms)
Completed in 12ms (View: 8, DB: 0) | 200 OK [http://localhost/contact]


Processing PagesController#contact (for 127.0.0.1 at 2010-06-15 17:25:49) [GET]
  Parameters: {"action"=>"contact", "controller"=>"pages"}
Rendering template within layouts/application
Rendering pages/contact
Rendered layouts/_stylesheets (1.3ms)
Rendered layouts/_header (1.5ms)
Rendered layouts/_footer (1.6ms)
Completed in 22ms (View: 17, DB: 0) | 200 OK [http://localhost/contact]


Processing PagesController#contact (for 127.0.0.1 at 2010-06-15 17:26:43) [GET]
  Parameters: {"action"=>"contact", "controller"=>"pages"}
Rendering template within layouts/application
Rendering pages/contact
Rendered layouts/_stylesheets (1.4ms)
Rendered layouts/_header (1.5ms)
Rendered layouts/_footer (1.7ms)
Completed in 22ms (View: 17, DB: 0) | 200 OK [http://localhost/contact]


Processing PagesController#home (for 127.0.0.1 at 2010-06-15 17:26:50) [GET]
  Parameters: {"action"=>"home", "controller"=>"pages"}
Rendering template within layouts/application
Rendering pages/home
Rendered layouts/_stylesheets (1.3ms)
Rendered layouts/_header (1.5ms)
Rendered layouts/_footer (0.5ms)
Completed in 12ms (View: 8, DB: 0) | 200 OK [http://localhost/]
